#
# A fatal error has been detected by the Java Runtime Environment:
#
#  SIGSEGV (0xb) at pc=0x0000000104635511, pid=579, tid=9987
#
# JRE version: Java(TM) SE Runtime Environment (7.0_45-b18) (build 1.7.0_45-b18)
# Java VM: Java HotSpot(TM) 64-Bit Server VM (24.45-b08 mixed mode bsd-amd64 compressed oops)
# Problematic frame:
# V  [libjvm.dylib+0x235511]  oopDesc::size()+0x2d
#
# Failed to write core dump. Core dumps have been disabled. To enable core dumping, try "ulimit -c unlimited" before starting Java again
#
# If you would like to submit a bug report, please visit:
#   http://bugreport.sun.com/bugreport/crash.jsp
#

---------------  T H R E A D  ---------------

Current thread (0x00007ff63a803000):  GCTaskThread [stack: 0x0000000108777000,0x0000000108877000] [id=9987]

siginfo:si_signo=SIGSEGV: si_errno=0, si_code=1 (SEGV_MAPERR), si_addr=0x0000000000000018

Registers:
RAX=0x0000000104b705c0, RBX=0x0000000000000000, RCX=0x0000000000000003, RDX=0x0000000000000001
RSP=0x0000000108876c60, RBP=0x0000000108876c60, RSI=0x00000007eb63ffb0, RDI=0x0000000000000000
R8 =0x000000000000000c, R9 =0x0000000000000000, R10=0x0000000000000001, R11=0x000000000b246b50
R12=0x0000000104c0ad98, R13=0x00000007f7bed175, R14=0x00007ff639604910, R15=0x00007ff6396049b0
RIP=0x0000000104635511, EFLAGS=0x0000000000010246, ERR=0x0000000000000004
  TRAPNO=0x000000000000000e

Top of Stack: (sp=0x0000000108876c60)
0x0000000108876c60:   0000000108876cd0 00000001048562cd
0x0000000108876c70:   00000007b0b30b70 00000007eb63ffb0
0x0000000108876c80:   00000007f7bec990 0000000000001000
0x0000000108876c90:   0000000108876d04 0000000104b69ff0
0x0000000108876ca0:   000000000000000d 00000007f7bed175
0x0000000108876cb0:   0000000104c0ad98 00000007f7bed175
0x0000000108876cc0:   00000007f7bed174 00007ff6396049b0
0x0000000108876cd0:   0000000108876cf0 00000001048566f9
0x0000000108876ce0:   00007ff639604910 00007ff639604978
0x0000000108876cf0:   0000000108876d50 0000000104855709
0x0000000108876d00:   00007ff639529400 00007ff63d824800
0x0000000108876d10:   00000007f7bed175 0000000104858b01
0x0000000108876d20:   00007ff63a803000 00007ff6395294b0
0x0000000108876d30:   0000000000000000 00000001049751f7
0x0000000108876d40:   00007ff639604910 0000000000000001
0x0000000108876d50:   0000000108876db0 0000000104858caa
0x0000000108876d60:   0000000104bf0a80 0000000104669800
0x0000000108876d70:   0000000108876d80 0000000000000001
0x0000000108876d80:   0000000104b69560 0000000104668e00
0x0000000108876d90:   0000000000000000 00007ff639604910
0x0000000108876da0:   00007ff63a803000 00007ff6395294b0
0x0000000108876db0:   0000000108876e90 0000000104669da7
0x0000000108876dc0:   0000000108876df0 00007ff639601610
0x0000000108876dd0:   00007ff639601640 00007ff639601650
0x0000000108876de0:   00007ff639601a28 00000000000003d8
0x0000000108876df0:   00007ff63a803000 00007ff639601a30
0x0000000108876e00:   00007ff639601d80 00007ff639601d90
0x0000000108876e10:   00007ff639602168 00000000000003d8
0x0000000108876e20:   0000000108876e30 0000000000000000
0x0000000108876e30:   00007ff63a803000 00007ff639601a30
0x0000000108876e40:   00007ff639601d80 00007ff639601d90
0x0000000108876e50:   00007ff639602168 00000000000003d8 

Instructions: (pc=0x0000000104635511)
0x00000001046354f1:   84 d2 48 89 fe 74 15 48 8d 05 c1 b0 53 00 8a 48
0x0000000104635501:   08 8b 7e 08 48 d3 e7 48 03 38 eb 04 48 8b 7e 08
0x0000000104635511:   8b 47 18 48 83 c7 10 85 c0 7e 09 a8 01 75 4e c1
0x0000000104635521:   f8 03 eb 47 85 c0 7f 43 85 c0 79 41 84 d2 0f 94 

Register to memory mapping:

RAX=0x0000000104b705c0: _ZN8Universe11_narrow_oopE+0 in /Library/Java/JavaVirtualMachines/jdk1.7.0_45.jdk/Contents/Home/jre/lib/server/libjvm.dylib at 0x0000000104400000
RBX=0x0000000000000000 is an unknown value
RCX=0x0000000000000003 is an unknown value
RDX=0x0000000000000001 is an unknown value
RSP=0x0000000108876c60 is an unknown value
RBP=0x0000000108876c60 is an unknown value
RSI=0x00000007eb63ffb0 is an unknown value
RDI=0x0000000000000000 is an unknown value
R8 =0x000000000000000c is an unknown value
R9 =0x0000000000000000 is an unknown value
R10=0x0000000000000001 is an unknown value
R11=0x000000000b246b50 is an unknown value
R12=0x0000000104c0ad98: _ZN2os16_processor_countE+0 in /Library/Java/JavaVirtualMachines/jdk1.7.0_45.jdk/Contents/Home/jre/lib/server/libjvm.dylib at 0x0000000104400000
R13=0x00000007f7bed175 is an unknown value
R14=0x00007ff639604910 is an unknown value
R15=0x00007ff6396049b0 is an unknown value


Stack: [0x0000000108777000,0x0000000108877000],  sp=0x0000000108876c60,  free space=1023k
Native frames: (J=compiled Java code, j=interpreted, Vv=VM code, C=native code)
V  [libjvm.dylib+0x235511]  oopDesc::size()+0x2d
V  [libjvm.dylib+0x4562cd]  oopDesc* PSPromotionManager::copy_to_survivor_space<false>(oopDesc*)+0x35
V  [libjvm.dylib+0x4566f9]  PSPromotionManager::process_popped_location_depth(StarTask)+0x73
V  [libjvm.dylib+0x455709]  PSPromotionManager::drain_stacks_depth(bool)+0x105
V  [libjvm.dylib+0x458caa]  ThreadRootsTask::do_it(GCTaskManager*, unsigned int)+0x94
V  [libjvm.dylib+0x269da7]  GCTaskThread::run()+0x1a1
V  [libjvm.dylib+0x41b1c6]  java_start(Thread*)+0x126
C  [libsystem_pthread.dylib+0x3268]  _pthread_body+0x83
C  [libsystem_pthread.dylib+0x31e5]  _pthread_body+0x0
C  [libsystem_pthread.dylib+0x141d]  thread_start+0xd


---------------  P R O C E S S  ---------------

Java Threads: ( => current thread )
  0x00007ff63d02d800 JavaThread "Stdin handler" [_thread_blocked, id=21443, stack(0x000000010f543000,0x000000010f643000)]
  0x00007ff63d824800 JavaThread "Daemon worker Thread 41" [_thread_blocked, id=20411, stack(0x000000010f2f7000,0x000000010f3f7000)]
  0x00007ff63ca12800 JavaThread "Cancel handler" [_thread_blocked, id=19895, stack(0x000000010f0cd000,0x000000010f1cd000)]
  0x00007ff63d47e800 JavaThread "Handler for socket connection from /127.0.0.1:49413 to /127.0.0.1:50778" [_thread_in_native, id=23091, stack(0x000000010efca000,0x000000010f0ca000)]
  0x00007ff639bf6800 JavaThread "Daemon Thread 41" [_thread_blocked, id=19627, stack(0x000000010e9d9000,0x000000010ead9000)]
  0x00007ff63a117800 JavaThread "File lock request listener" [_thread_in_native, id=14087, stack(0x000000010eb6b000,0x000000010ec6b000)]
  0x00007ff63a224000 JavaThread "Incoming local TCP Connector on port 49413" [_thread_in_native, id=18691, stack(0x000000010eec7000,0x000000010efc7000)]
  0x00007ff63a016000 JavaThread "Service Thread" daemon [_thread_blocked, id=17667, stack(0x000000010e4df000,0x000000010e5df000)]
  0x00007ff63980d800 JavaThread "C2 CompilerThread1" daemon [_thread_blocked, id=17155, stack(0x000000010e3dc000,0x000000010e4dc000)]
  0x00007ff63a04e000 JavaThread "C2 CompilerThread0" daemon [_thread_blocked, id=16643, stack(0x000000010e2d9000,0x000000010e3d9000)]
  0x00007ff63a835800 JavaThread "Signal Dispatcher" daemon [_thread_blocked, id=13335, stack(0x000000010e1d6000,0x000000010e2d6000)]
  0x00007ff63a04c000 JavaThread "Finalizer" daemon [_thread_blocked, id=11523, stack(0x000000010c7b5000,0x000000010c8b5000)]
  0x00007ff63a80d800 JavaThread "Reference Handler" daemon [_thread_blocked, id=11011, stack(0x000000010c6b2000,0x000000010c7b2000)]
  0x00007ff63a008000 JavaThread "main" [_thread_blocked, id=4867, stack(0x0000000104e54000,0x0000000104f54000)]

Other Threads:
  0x00007ff63a80d000 VMThread [stack: 0x000000010c5af000,0x000000010c6af000] [id=10499]
  0x00007ff63b010000 WatcherThread [stack: 0x000000010e5e2000,0x000000010e6e2000] [id=18179]

=>0x00007ff63a803000 (exited) GCTaskThread [stack: 0x0000000108777000,0x0000000108877000] [id=9987]

VM state:at safepoint (normal execution)

VM Mutex/Monitor currently owned by a thread:  ([mutex/lock_event])
[0x00007ff6395202a0] Threads_lock - owner thread: 0x00007ff63a80d000
[0x00007ff6395207a0] Heap_lock - owner thread: 0x00007ff63d824800

Heap
 PSYoungGen      total 183808K, used 177152K [0x00000007eaa80000, 0x00000007f9280000, 0x0000000800000000)
  eden space 177152K, 100% used [0x00000007eaa80000,0x00000007f5780000,0x00000007f5780000)
  from space 6656K, 0% used [0x00000007f5780000,0x00000007f5780000,0x00000007f5e00000)
  to   space 30208K, 32% used [0x00000007f7500000,0x00000007f7e9c990,0x00000007f9280000)
 ParOldGen       total 200704K, used 132237K [0x00000007c0000000, 0x00000007cc400000, 0x00000007eaa80000)
  object space 200704K, 65% used [0x00000007c0000000,0x00000007c81234f0,0x00000007cc400000)
 PSPermGen       total 262144K, used 250699K [0x00000007b0000000, 0x00000007c0000000, 0x00000007c0000000)
  object space 262144K, 95% used [0x00000007b0000000,0x00000007bf4d2da8,0x00000007c0000000)

Card table byte_map: [0x0000000108016000,0x0000000108297000] byte_map_base: 0x0000000104296000

Polling page: 0x0000000103bce000

Code Cache  [0x0000000104f56000, 0x0000000105b66000, 0x0000000107f56000)
 total_blobs=3484 nmethods=2864 adapters=573 free_code_cache=36957Kb largest_free_block=37707136

Compilation events (10 events):
Event: 18471.331 Thread 0x00007ff63a04e000 3124             com.android.builder.internal.packaging.Packager$JavaAndNativeResourceFilter::checkEntry (271 bytes)
Event: 18471.349 Thread 0x00007ff63980d800 3125             com.android.ide.common.packaging.PackagingUtils::checkFolderForPackaging (42 bytes)
Event: 18471.349 Thread 0x00007ff63a04e000 nmethod 3124 0x0000000105ac6d10 code [0x0000000105ac6f40, 0x0000000105ac78f0]
Event: 18471.351 Thread 0x00007ff63980d800 nmethod 3125 0x0000000105ac6890 code [0x0000000105ac6a00, 0x0000000105ac6b48]
Event: 18471.402 Thread 0x00007ff63a04e000 3126             com.android.builder.signing.SignedJarBuilder$CountOutputStream::write (16 bytes)
Event: 18471.405 Thread 0x00007ff63a04e000 nmethod 3126 0x0000000105b55250 code [0x0000000105b553c0, 0x0000000105b557e8]
Event: 18925.470 Thread 0x00007ff63980d800 3127             com.sun.org.apache.xerces.internal.parsers.XML11Configuration::resetCommon (41 bytes)
Event: 18925.493 Thread 0x00007ff63980d800 nmethod 3127 0x0000000105b57fd0 code [0x0000000105b58380, 0x0000000105b59180]
Event: 18926.367 Thread 0x00007ff63a04e000 3128             com.sun.beans.finder.InstanceFinder::find (137 bytes)
Event: 18926.405 Thread 0x00007ff63a04e000 nmethod 3128 0x0000000105b5d750 code [0x0000000105b5da20, 0x0000000105b5ec08]

GC Heap History (10 events):
Event: 17996.452 GC heap after
Heap after GC invocations=134 (full 35):
 PSYoungGen      total 214016K, used 5837K [0x00000007eaa80000, 0x00000007f9880000, 0x0000000800000000)
  eden space 184320K, 0% used [0x00000007eaa80000,0x00000007eaa80000,0x00000007f5e80000)
  from space 29696K, 19% used [0x00000007f5e80000,0x00000007f64337f0,0x00000007f7b80000)
  to   space 29696K, 0% used [0x00000007f7b80000,0x00000007f7b80000,0x00000007f9880000)
 ParOldGen       total 200704K, used 175458K [0x00000007c0000000, 0x00000007cc400000, 0x00000007eaa80000)
  object space 200704K, 87% used [0x00000007c0000000,0x00000007cab588d8,0x00000007cc400000)
 PSPermGen       total 252928K, used 235926K [0x00000007b0000000, 0x00000007bf700000, 0x00000007c0000000)
  object space 252928K, 93% used [0x00000007b0000000,0x00000007be665850,0x00000007bf700000)
}
Event: 17996.452 GC heap before
{Heap before GC invocations=135 (full 36):
 PSYoungGen      total 214016K, used 5837K [0x00000007eaa80000, 0x00000007f9880000, 0x0000000800000000)
  eden space 184320K, 0% used [0x00000007eaa80000,0x00000007eaa80000,0x00000007f5e80000)
  from space 29696K, 19% used [0x00000007f5e80000,0x00000007f64337f0,0x00000007f7b80000)
  to   space 29696K, 0% used [0x00000007f7b80000,0x00000007f7b80000,0x00000007f9880000)
 ParOldGen       total 200704K, used 175458K [0x00000007c0000000, 0x00000007cc400000, 0x00000007eaa80000)
  object space 200704K, 87% used [0x00000007c0000000,0x00000007cab588d8,0x00000007cc400000)
 PSPermGen       total 252928K, used 235926K [0x00000007b0000000, 0x00000007bf700000, 0x00000007c0000000)
  object space 252928K, 93% used [0x00000007b0000000,0x00000007be665850,0x00000007bf700000)
Event: 17997.254 GC heap after
Heap after GC invocations=135 (full 36):
 PSYoungGen      total 214016K, used 0K [0x00000007eaa80000, 0x00000007f9880000, 0x0000000800000000)
  eden space 184320K, 0% used [0x00000007eaa80000,0x00000007eaa80000,0x00000007f5e80000)
  from space 29696K, 0% used [0x00000007f5e80000,0x00000007f5e80000,0x00000007f7b80000)
  to   space 29696K, 0% used [0x00000007f7b80000,0x00000007f7b80000,0x00000007f9880000)
 ParOldGen       total 200704K, used 139374K [0x00000007c0000000, 0x00000007cc400000, 0x00000007eaa80000)
  object space 200704K, 69% used [0x00000007c0000000,0x00000007c881b870,0x00000007cc400000)
 PSPermGen       total 260096K, used 235169K [0x00000007b0000000, 0x00000007bfe00000, 0x00000007c0000000)
  object space 260096K, 90% used [0x00000007b0000000,0x00000007be5a8400,0x00000007bfe00000)
}
Event: 18465.559 GC heap before
{Heap before GC invocations=136 (full 36):
 PSYoungGen      total 214016K, used 184320K [0x00000007eaa80000, 0x00000007f9880000, 0x0000000800000000)
  eden space 184320K, 100% used [0x00000007eaa80000,0x00000007f5e80000,0x00000007f5e80000)
  from space 29696K, 0% used [0x00000007f5e80000,0x00000007f5e80000,0x00000007f7b80000)
  to   space 29696K, 0% used [0x00000007f7b80000,0x00000007f7b80000,0x00000007f9880000)
 ParOldGen       total 200704K, used 139374K [0x00000007c0000000, 0x00000007cc400000, 0x00000007eaa80000)
  object space 200704K, 69% used [0x00000007c0000000,0x00000007c881b870,0x00000007cc400000)
 PSPermGen       total 260096K, used 242336K [0x00000007b0000000, 0x00000007bfe00000, 0x00000007c0000000)
  object space 260096K, 93% used [0x00000007b0000000,0x00000007beca8328,0x00000007bfe00000)
Event: 18465.588 GC heap after
Heap after GC invocations=136 (full 36):
 PSYoungGen      total 201728K, used 20353K [0x00000007eaa80000, 0x00000007f9380000, 0x0000000800000000)
  eden space 177152K, 0% used [0x00000007eaa80000,0x00000007eaa80000,0x00000007f5780000)
  from space 24576K, 82% used [0x00000007f7b80000,0x00000007f8f60450,0x00000007f9380000)
  to   space 30720K, 0% used [0x00000007f5780000,0x00000007f5780000,0x00000007f7580000)
 ParOldGen       total 200704K, used 139374K [0x00000007c0000000, 0x00000007cc400000, 0x00000007eaa80000)
  object space 200704K, 69% used [0x00000007c0000000,0x00000007c881b870,0x00000007cc400000)
 PSPermGen       total 260096K, used 242336K [0x00000007b0000000, 0x00000007bfe00000, 0x00000007c0000000)
  object space 260096K, 93% used [0x00000007b0000000,0x00000007beca8328,0x00000007bfe00000)
}
Event: 18471.875 GC heap before
{Heap before GC invocations=137 (full 36):
 PSYoungGen      total 201728K, used 114752K [0x00000007eaa80000, 0x00000007f9380000, 0x0000000800000000)
  eden space 177152K, 53% used [0x00000007eaa80000,0x00000007f06afe70,0x00000007f5780000)
  from space 24576K, 82% used [0x00000007f7b80000,0x00000007f8f60450,0x00000007f9380000)
  to   space 30720K, 0% used [0x00000007f5780000,0x00000007f5780000,0x00000007f7580000)
 ParOldGen       total 200704K, used 139374K [0x00000007c0000000, 0x00000007cc400000, 0x00000007eaa80000)
  object space 200704K, 69% used [0x00000007c0000000,0x00000007c881b870,0x00000007cc400000)
 PSPermGen       total 260096K, used 244114K [0x00000007b0000000, 0x00000007bfe00000, 0x00000007c0000000)
  object space 260096K, 93% used [0x00000007b0000000,0x00000007bee64bb8,0x00000007bfe00000)
Event: 18471.905 GC heap after
Heap after GC invocations=137 (full 36):
 PSYoungGen      total 183808K, used 6590K [0x00000007eaa80000, 0x00000007f9280000, 0x0000000800000000)
  eden space 177152K, 0% used [0x00000007eaa80000,0x00000007eaa80000,0x00000007f5780000)
  from space 6656K, 99% used [0x00000007f5780000,0x00000007f5defb68,0x00000007f5e00000)
  to   space 30208K, 0% used [0x00000007f7500000,0x00000007f7500000,0x00000007f9280000)
 ParOldGen       total 200704K, used 150867K [0x00000007c0000000, 0x00000007cc400000, 0x00000007eaa80000)
  object space 200704K, 75% used [0x00000007c0000000,0x00000007c9354de0,0x00000007cc400000)
 PSPermGen       total 260096K, used 244114K [0x00000007b0000000, 0x00000007bfe00000, 0x00000007c0000000)
  object space 260096K, 93% used [0x00000007b0000000,0x00000007bee64bb8,0x00000007bfe00000)
}
Event: 18471.905 GC heap before
{Heap before GC invocations=138 (full 37):
 PSYoungGen      total 183808K, used 6590K [0x00000007eaa80000, 0x00000007f9280000, 0x0000000800000000)
  eden space 177152K, 0% used [0x00000007eaa80000,0x00000007eaa80000,0x00000007f5780000)
  from space 6656K, 99% used [0x00000007f5780000,0x00000007f5defb68,0x00000007f5e00000)
  to   space 30208K, 0% used [0x00000007f7500000,0x00000007f7500000,0x00000007f9280000)
 ParOldGen       total 200704K, used 150867K [0x00000007c0000000, 0x00000007cc400000, 0x00000007eaa80000)
  object space 200704K, 75% used [0x00000007c0000000,0x00000007c9354de0,0x00000007cc400000)
 PSPermGen       total 260096K, used 244114K [0x00000007b0000000, 0x00000007bfe00000, 0x00000007c0000000)
  object space 260096K, 93% used [0x00000007b0000000,0x00000007bee64bb8,0x00000007bfe00000)
Event: 18472.782 GC heap after
Heap after GC invocations=138 (full 37):
 PSYoungGen      total 183808K, used 0K [0x00000007eaa80000, 0x00000007f9280000, 0x0000000800000000)
  eden space 177152K, 0% used [0x00000007eaa80000,0x00000007eaa80000,0x00000007f5780000)
  from space 6656K, 0% used [0x00000007f5780000,0x00000007f5780000,0x00000007f5e00000)
  to   space 30208K, 0% used [0x00000007f7500000,0x00000007f7500000,0x00000007f9280000)
 ParOldGen       total 200704K, used 132237K [0x00000007c0000000, 0x00000007cc400000, 0x00000007eaa80000)
  object space 200704K, 65% used [0x00000007c0000000,0x00000007c81234f0,0x00000007cc400000)
 PSPermGen       total 262144K, used 243616K [0x00000007b0000000, 0x00000007c0000000, 0x00000007c0000000)
  object space 262144K, 92% used [0x00000007b0000000,0x00000007bede82f0,0x00000007c0000000)
}
Event: 18926.620 GC heap before
{Heap before GC invocations=139 (full 37):
 PSYoungGen      total 183808K, used 177152K [0x00000007eaa80000, 0x00000007f9280000, 0x0000000800000000)
  eden space 177152K, 100% used [0x00000007eaa80000,0x00000007f5780000,0x00000007f5780000)
  from space 6656K, 0% used [0x00000007f5780000,0x00000007f5780000,0x00000007f5e00000)
  to   space 30208K, 0% used [0x00000007f7500000,0x00000007f7500000,0x00000007f9280000)
 ParOldGen       total 200704K, used 132237K [0x00000007c0000000, 0x00000007cc400000, 0x00000007eaa80000)
  object space 200704K, 65% used [0x00000007c0000000,0x00000007c81234f0,0x00000007cc400000)
 PSPermGen       total 262144K, used 250699K [0x00000007b0000000, 0x00000007c0000000, 0x00000007c0000000)
  object space 262144K, 95% used [0x00000007b0000000,0x00000007bf4d2da8,0x00000007c0000000)

Deoptimization events (10 events):
Event: 15044.661 Thread 0x00007ff639a2f800 Uncommon trap: reason=unreached action=reinterpret pc=0x000000010560bb68 method=org.gradle.messaging.remote.internal.Message$ExceptionReplacingObjectOutputStream.replaceObject(Ljava/lang/Object;)Ljava/lang/Object; @ 4
Event: 15126.565 Thread 0x00007ff63a4d1800 Uncommon trap: reason=bimorphic action=maybe_recompile pc=0x0000000105ac0364 method=org.gradle.api.internal.BeanDynamicObject.getMetaClass()Lgroovy/lang/MetaClass; @ 17
Event: 15126.656 Thread 0x00007ff63a4d1800 Uncommon trap: reason=class_check action=maybe_recompile pc=0x00000001052790b0 method=java.lang.StringBuilder.append(Ljava/lang/CharSequence;)Ljava/lang/StringBuilder; @ 40
Event: 15126.656 Thread 0x00007ff63a4d1800 Uncommon trap: reason=bimorphic action=maybe_recompile pc=0x000000010526ead0 method=java.lang.AbstractStringBuilder.append(Ljava/lang/CharSequence;II)Ljava/lang/AbstractStringBuilder; @ 18
Event: 15126.656 Thread 0x00007ff63a4d1800 Uncommon trap: reason=class_check action=maybe_recompile pc=0x00000001052790b0 method=java.lang.StringBuilder.append(Ljava/lang/CharSequence;)Ljava/lang/StringBuilder; @ 40
Event: 15126.656 Thread 0x00007ff63a4d1800 Uncommon trap: reason=bimorphic action=maybe_recompile pc=0x000000010526ead0 method=java.lang.AbstractStringBuilder.append(Ljava/lang/CharSequence;II)Ljava/lang/AbstractStringBuilder; @ 18
Event: 15204.070 Thread 0x00007ff63c999000 Uncommon trap: reason=null_check action=make_not_entrant pc=0x0000000105ac7a68 method=sun.nio.cs.StreamDecoder.inReady()Z @ 21
Event: 15204.285 Thread 0x00007ff63c999000 Uncommon trap: reason=bimorphic action=maybe_recompile pc=0x0000000105ac0258 method=org.gradle.api.internal.BeanDynamicObject.getMetaClass()Lgroovy/lang/MetaClass; @ 17
Event: 15204.286 Thread 0x00007ff63c999000 Uncommon trap: reason=bimorphic action=maybe_recompile pc=0x0000000105ac0258 method=org.gradle.api.internal.BeanDynamicObject.getMetaClass()Lgroovy/lang/MetaClass; @ 17
Event: 15204.319 Thread 0x00007ff63c999000 Uncommon trap: reason=bimorphic action=maybe_recompile pc=0x0000000105ac0258 method=org.gradle.api.internal.BeanDynamicObject.getMetaClass()Lgroovy/lang/MetaClass; @ 17

Internal exceptions (10 events):
Event: 18926.618 Thread 0x00007ff63d824800 Threw 0x00000007f573dae8 at /HUDSON/workspace/7u-2-build-macosx-x86_64/jdk7u45/229/hotspot/src/share/vm/prims/jvm.cpp:1244
Event: 18926.618 Thread 0x00007ff63d824800 Threw 0x00000007f573dfb0 at /HUDSON/workspace/7u-2-build-macosx-x86_64/jdk7u45/229/hotspot/src/share/vm/classfile/systemDictionary.cpp:185
Event: 18926.618 Thread 0x00007ff63d824800 Threw 0x00000007f5743148 at /HUDSON/workspace/7u-2-build-macosx-x86_64/jdk7u45/229/hotspot/src/share/vm/prims/jvm.cpp:1244
Event: 18926.618 Thread 0x00007ff63d824800 Threw 0x00000007f5745818 at /HUDSON/workspace/7u-2-build-macosx-x86_64/jdk7u45/229/hotspot/src/share/vm/prims/jvm.cpp:1244
Event: 18926.618 Thread 0x00007ff63d824800 Threw 0x00000007f5746560 at /HUDSON/workspace/7u-2-build-macosx-x86_64/jdk7u45/229/hotspot/src/share/vm/prims/jvm.cpp:1244
Event: 18926.618 Thread 0x00007ff63d824800 Threw 0x00000007f574c708 at /HUDSON/workspace/7u-2-build-macosx-x86_64/jdk7u45/229/hotspot/src/share/vm/prims/jvm.cpp:1244
Event: 18926.618 Thread 0x00007ff63d824800 Threw 0x00000007f574cbd0 at /HUDSON/workspace/7u-2-build-macosx-x86_64/jdk7u45/229/hotspot/src/share/vm/classfile/systemDictionary.cpp:185
Event: 18926.619 Thread 0x00007ff63d824800 Threw 0x00000007f5776020 at /HUDSON/workspace/7u-2-build-macosx-x86_64/jdk7u45/229/hotspot/src/share/vm/prims/jvm.cpp:1244
Event: 18926.619 Thread 0x00007ff63d824800 Threw 0x00000007f57788f8 at /HUDSON/workspace/7u-2-build-macosx-x86_64/jdk7u45/229/hotspot/src/share/vm/prims/jvm.cpp:1244
Event: 18926.619 Thread 0x00007ff63d824800 Threw 0x00000007f57796d8 at /HUDSON/workspace/7u-2-build-macosx-x86_64/jdk7u45/229/hotspot/src/share/vm/prims/jvm.cpp:1244

Events (10 events):
Event: 18926.618 loading class 0x00007ff639773050 done
Event: 18926.618 loading class 0x00007ff639773050
Event: 18926.618 loading class 0x00007ff639773050 done
Event: 18926.618 loading class 0x00007ff6397730a0
Event: 18926.618 loading class 0x00007ff6397730a0 done
Event: 18926.618 loading class 0x00007ff6397730a0
Event: 18926.618 loading class 0x00007ff6397730a0 done
Event: 18926.619 loading class 0x00007ff63bc46aa0
Event: 18926.619 loading class 0x00007ff63bc46aa0 done
Event: 18926.619 Executing VM operation: ParallelGCFailedAllocation


Dynamic libraries:
0x00000000039cf000 	/System/Library/Frameworks/Cocoa.framework/Versions/A/Cocoa
0x00000000039cf000 	/System/Library/Frameworks/Security.framework/Versions/A/Security
0x00000000039cf000 	/System/Library/Frameworks/ApplicationServices.framework/Versions/A/ApplicationServices
0x00000000039cf000 	/usr/lib/libz.1.dylib
0x00000000039cf000 	/usr/lib/libSystem.B.dylib
0x00000000039cf000 	/usr/lib/libobjc.A.dylib
0x00000000039cf000 	/System/Library/Frameworks/CoreFoundation.framework/Versions/A/CoreFoundation
0x00000000039cf000 	/System/Library/Frameworks/Foundation.framework/Versions/C/Foundation
0x00000000039cf000 	/System/Library/Frameworks/AppKit.framework/Versions/C/AppKit
0x00000000039cf000 	/System/Library/Frameworks/CoreData.framework/Versions/A/CoreData
0x00000000039cf000 	/System/Library/PrivateFrameworks/RemoteViewServices.framework/Versions/A/RemoteViewServices
0x00000000039cf000 	/System/Library/PrivateFrameworks/UIFoundation.framework/Versions/A/UIFoundation
0x00000000039cf000 	/System/Library/Frameworks/IOSurface.framework/Versions/A/IOSurface
0x00000000039cf000 	/System/Library/Frameworks/AudioToolbox.framework/Versions/A/AudioToolbox
0x00000000039cf000 	/System/Library/Frameworks/AudioUnit.framework/Versions/A/AudioUnit
0x00000000039cf000 	/System/Library/PrivateFrameworks/DataDetectorsCore.framework/Versions/A/DataDetectorsCore
0x00000000039cf000 	/System/Library/PrivateFrameworks/DesktopServicesPriv.framework/Versions/A/DesktopServicesPriv
0x00000000039cf000 	/System/Library/Frameworks/Carbon.framework/Versions/A/Frameworks/HIToolbox.framework/Versions/A/HIToolbox
0x00000000039cf000 	/System/Library/Frameworks/QuartzCore.framework/Versions/A/QuartzCore
0x00000000039cf000 	/System/Library/Frameworks/Carbon.framework/Versions/A/Frameworks/SpeechRecognition.framework/Versions/A/SpeechRecognition
0x00000000039cf000 	/usr/lib/libauto.dylib
0x00000000039cf000 	/usr/lib/libicucore.A.dylib
0x00000000039cf000 	/usr/lib/libxml2.2.dylib
0x00000000039cf000 	/System/Library/PrivateFrameworks/CoreUI.framework/Versions/A/CoreUI
0x00000000039cf000 	/System/Library/Frameworks/CoreAudio.framework/Versions/A/CoreAudio
0x00000000039cf000 	/System/Library/Frameworks/DiskArbitration.framework/Versions/A/DiskArbitration
0x00000000039cf000 	/usr/lib/liblangid.dylib
0x00000000039cf000 	/System/Library/PrivateFrameworks/MultitouchSupport.framework/Versions/A/MultitouchSupport
0x00000000039cf000 	/System/Library/Frameworks/IOKit.framework/Versions/A/IOKit
0x00000000039cf000 	/usr/lib/libDiagnosticMessagesClient.dylib
0x00000000039cf000 	/System/Library/Frameworks/CoreServices.framework/Versions/A/CoreServices
0x00000000039cf000 	/System/Library/PrivateFrameworks/PerformanceAnalysis.framework/Versions/A/PerformanceAnalysis
0x00000000039cf000 	/System/Library/PrivateFrameworks/GenerationalStorage.framework/Versions/A/GenerationalStorage
0x00000000039cf000 	/System/Library/Frameworks/OpenGL.framework/Versions/A/OpenGL
0x00000000039cf000 	/System/Library/PrivateFrameworks/Sharing.framework/Versions/A/Sharing
0x00000000039cf000 	/System/Library/Frameworks/CoreGraphics.framework/Versions/A/CoreGraphics
0x00000000039cf000 	/System/Library/Frameworks/CoreText.framework/Versions/A/CoreText
0x00000000039cf000 	/System/Library/Frameworks/ImageIO.framework/Versions/A/ImageIO
0x00000000039cf000 	/usr/lib/libextension.dylib
0x00000000039cf000 	/System/Library/PrivateFrameworks/Backup.framework/Versions/A/Backup
0x00000000039cf000 	/usr/lib/libarchive.2.dylib
0x00000000039cf000 	/System/Library/Frameworks/CFNetwork.framework/Versions/A/CFNetwork
0x00000000039cf000 	/System/Library/Frameworks/SystemConfiguration.framework/Versions/A/SystemConfiguration
0x00000000039cf000 	/usr/lib/libCRFSuite.dylib
0x00000000039cf000 	/usr/lib/libc++.1.dylib
0x00000000039cf000 	/usr/lib/libc++abi.dylib
0x00000000039cf000 	/usr/lib/system/libcache.dylib
0x00000000039cf000 	/usr/lib/system/libcommonCrypto.dylib
0x00000000039cf000 	/usr/lib/system/libcompiler_rt.dylib
0x00000000039cf000 	/usr/lib/system/libcopyfile.dylib
0x00000000039cf000 	/usr/lib/system/libcorecrypto.dylib
0x00000000039cf000 	/usr/lib/system/libdispatch.dylib
0x00000000039cf000 	/usr/lib/system/libdyld.dylib
0x00000000039cf000 	/usr/lib/system/libkeymgr.dylib
0x00000000039cf000 	/usr/lib/system/liblaunch.dylib
0x00000000039cf000 	/usr/lib/system/libmacho.dylib
0x00000000039cf000 	/usr/lib/system/libquarantine.dylib
0x00000000039cf000 	/usr/lib/system/libremovefile.dylib
0x00000000039cf000 	/usr/lib/system/libsystem_asl.dylib
0x00000000039cf000 	/usr/lib/system/libsystem_blocks.dylib
0x00000000039cf000 	/usr/lib/system/libsystem_c.dylib
0x00000000039cf000 	/usr/lib/system/libsystem_configuration.dylib
0x00000000039cf000 	/usr/lib/system/libsystem_coreservices.dylib
0x00000000039cf000 	/usr/lib/system/libsystem_coretls.dylib
0x00000000039cf000 	/usr/lib/system/libsystem_dnssd.dylib
0x00000000039cf000 	/usr/lib/system/libsystem_info.dylib
0x00000000039cf000 	/usr/lib/system/libsystem_kernel.dylib
0x00000000039cf000 	/usr/lib/system/libsystem_m.dylib
0x00000000039cf000 	/usr/lib/system/libsystem_malloc.dylib
0x00000000039cf000 	/usr/lib/system/libsystem_network.dylib
0x00000000039cf000 	/usr/lib/system/libsystem_networkextension.dylib
0x00000000039cf000 	/usr/lib/system/libsystem_notify.dylib
0x00000000039cf000 	/usr/lib/system/libsystem_platform.dylib
0x00000000039cf000 	/usr/lib/system/libsystem_pthread.dylib
0x00000000039cf000 	/usr/lib/system/libsystem_sandbox.dylib
0x00000000039cf000 	/usr/lib/system/libsystem_secinit.dylib
0x00000000039cf000 	/usr/lib/system/libsystem_stats.dylib
0x00000000039cf000 	/usr/lib/system/libsystem_trace.dylib
0x00000000039cf000 	/usr/lib/system/libunc.dylib
0x00000000039cf000 	/usr/lib/system/libunwind.dylib
0x00000000039cf000 	/usr/lib/system/libxpc.dylib
0x00000000039cf000 	/usr/lib/libbz2.1.0.dylib
0x00000000039cf000 	/usr/lib/liblzma.5.dylib
0x00000000039cf000 	/usr/lib/libbsm.0.dylib
0x00000000039cf000 	/usr/lib/libsqlite3.dylib
0x00000000039cf000 	/usr/lib/system/libkxld.dylib
0x00000000039cf000 	/usr/lib/libxar.1.dylib
0x00000000039cf000 	/usr/lib/libpam.2.dylib
0x00000000039cf000 	/usr/lib/libOpenScriptingUtil.dylib
0x00000000039cf000 	/System/Library/Frameworks/CoreServices.framework/Versions/A/Frameworks/FSEvents.framework/Versions/A/FSEvents
0x00000000039cf000 	/System/Library/Frameworks/CoreServices.framework/Versions/A/Frameworks/CarbonCore.framework/Versions/A/CarbonCore
0x00000000039cf000 	/System/Library/Frameworks/CoreServices.framework/Versions/A/Frameworks/Metadata.framework/Versions/A/Metadata
0x00000000039cf000 	/System/Library/Frameworks/CoreServices.framework/Versions/A/Frameworks/OSServices.framework/Versions/A/OSServices
0x00000000039cf000 	/System/Library/Frameworks/CoreServices.framework/Versions/A/Frameworks/SearchKit.framework/Versions/A/SearchKit
0x00000000039cf000 	/System/Library/Frameworks/CoreServices.framework/Versions/A/Frameworks/AE.framework/Versions/A/AE
0x00000000039cf000 	/System/Library/Frameworks/CoreServices.framework/Versions/A/Frameworks/LaunchServices.framework/Versions/A/LaunchServices
0x00000000039cf000 	/System/Library/Frameworks/CoreServices.framework/Versions/A/Frameworks/DictionaryServices.framework/Versions/A/DictionaryServices
0x00000000039cf000 	/System/Library/Frameworks/NetFS.framework/Versions/A/NetFS
0x00000000039cf000 	/System/Library/PrivateFrameworks/NetAuth.framework/Versions/A/NetAuth
0x00000000039cf000 	/System/Library/PrivateFrameworks/login.framework/Versions/A/Frameworks/loginsupport.framework/Versions/A/loginsupport
0x00000000039cf000 	/System/Library/PrivateFrameworks/TCC.framework/Versions/A/TCC
0x00000000039cf000 	/usr/lib/libmecabra.dylib
0x00000000039cf000 	/System/Library/Frameworks/ApplicationServices.framework/Versions/A/Frameworks/ATS.framework/Versions/A/ATS
0x00000000039cf000 	/System/Library/Frameworks/ApplicationServices.framework/Versions/A/Frameworks/ColorSync.framework/Versions/A/ColorSync
0x00000000039cf000 	/System/Library/Frameworks/ApplicationServices.framework/Versions/A/Frameworks/HIServices.framework/Versions/A/HIServices
0x00000000039cf000 	/System/Library/Frameworks/ApplicationServices.framework/Versions/A/Frameworks/LangAnalysis.framework/Versions/A/LangAnalysis
0x00000000039cf000 	/System/Library/Frameworks/ApplicationServices.framework/Versions/A/Frameworks/PrintCore.framework/Versions/A/PrintCore
0x00000000039cf000 	/System/Library/Frameworks/ApplicationServices.framework/Versions/A/Frameworks/QD.framework/Versions/A/QD
0x00000000039cf000 	/System/Library/Frameworks/ApplicationServices.framework/Versions/A/Frameworks/SpeechSynthesis.framework/Versions/A/SpeechSynthesis
0x00000000039cf000 	/System/Library/Frameworks/Accelerate.framework/Versions/A/Accelerate
0x00000000039cf000 	/System/Library/Frameworks/Accelerate.framework/Versions/A/Frameworks/vImage.framework/Versions/A/vImage
0x00000000039cf000 	/System/Library/Frameworks/Accelerate.framework/Versions/A/Frameworks/vecLib.framework/Versions/A/vecLib
0x00000000039cf000 	/System/Library/Frameworks/Accelerate.framework/Versions/A/Frameworks/vecLib.framework/Versions/A/libvDSP.dylib
0x00000000039cf000 	/System/Library/Frameworks/Accelerate.framework/Versions/A/Frameworks/vecLib.framework/Versions/A/libvMisc.dylib
0x00000000039cf000 	/System/Library/Frameworks/Accelerate.framework/Versions/A/Frameworks/vecLib.framework/Versions/A/libLAPACK.dylib
0x00000000039cf000 	/System/Library/Frameworks/Accelerate.framework/Versions/A/Frameworks/vecLib.framework/Versions/A/libBLAS.dylib
0x00000000039cf000 	/System/Library/Frameworks/Accelerate.framework/Versions/A/Frameworks/vecLib.framework/Versions/A/libLinearAlgebra.dylib
0x00000000039cf000 	/System/Library/Frameworks/ApplicationServices.framework/Versions/A/Frameworks/ATS.framework/Versions/A/Resources/libFontParser.dylib
0x00000000039cf000 	/System/Library/Frameworks/ApplicationServices.framework/Versions/A/Frameworks/ATS.framework/Versions/A/Resources/libFontRegistry.dylib
0x00000000039cf000 	/System/Library/PrivateFrameworks/AppleVPA.framework/Versions/A/AppleVPA
0x00000000039cf000 	/System/Library/PrivateFrameworks/AppleJPEG.framework/Versions/A/AppleJPEG
0x00000000039cf000 	/System/Library/Frameworks/ImageIO.framework/Versions/A/Resources/libJPEG.dylib
0x00000000039cf000 	/System/Library/Frameworks/ImageIO.framework/Versions/A/Resources/libTIFF.dylib
0x00000000039cf000 	/System/Library/Frameworks/ImageIO.framework/Versions/A/Resources/libPng.dylib
0x00000000039cf000 	/System/Library/Frameworks/ImageIO.framework/Versions/A/Resources/libGIF.dylib
0x00000000039cf000 	/System/Library/Frameworks/ImageIO.framework/Versions/A/Resources/libJP2.dylib
0x00000000039cf000 	/System/Library/Frameworks/ImageIO.framework/Versions/A/Resources/libRadiance.dylib
0x00000000039cf000 	/System/Library/Frameworks/CoreVideo.framework/Versions/A/CoreVideo
0x00000000039cf000 	/System/Library/Frameworks/OpenGL.framework/Versions/A/Libraries/libGLU.dylib
0x00000000039cf000 	/System/Library/Frameworks/OpenGL.framework/Versions/A/Libraries/libGFXShared.dylib
0x00000000039cf000 	/System/Library/Frameworks/OpenGL.framework/Versions/A/Libraries/libGL.dylib
0x00000000039cf000 	/System/Library/Frameworks/OpenGL.framework/Versions/A/Libraries/libGLImage.dylib
0x00000000039cf000 	/System/Library/Frameworks/OpenGL.framework/Versions/A/Libraries/libCVMSPluginSupport.dylib
0x00000000039cf000 	/System/Library/Frameworks/OpenGL.framework/Versions/A/Libraries/libCoreVMClient.dylib
0x00000000039cf000 	/usr/lib/libcups.2.dylib
0x00000000039cf000 	/System/Library/Frameworks/Kerberos.framework/Versions/A/Kerberos
0x00000000039cf000 	/System/Library/Frameworks/GSS.framework/Versions/A/GSS
0x00000000039cf000 	/usr/lib/libresolv.9.dylib
0x00000000039cf000 	/usr/lib/libiconv.2.dylib
0x00000000039cf000 	/System/Library/PrivateFrameworks/Heimdal.framework/Versions/A/Heimdal
0x00000000039cf000 	/usr/lib/libheimdal-asn1.dylib
0x00000000039cf000 	/System/Library/Frameworks/OpenDirectory.framework/Versions/A/OpenDirectory
0x00000000039cf000 	/System/Library/PrivateFrameworks/CommonAuth.framework/Versions/A/CommonAuth
0x00000000039cf000 	/System/Library/Frameworks/OpenDirectory.framework/Versions/A/Frameworks/CFOpenDirectory.framework/Versions/A/CFOpenDirectory
0x00000000039cf000 	/System/Library/Frameworks/SecurityFoundation.framework/Versions/A/SecurityFoundation
0x00000000039cf000 	/System/Library/PrivateFrameworks/LanguageModeling.framework/Versions/A/LanguageModeling
0x00000000039cf000 	/usr/lib/libcmph.dylib
0x00000000039cf000 	/System/Library/Frameworks/ServiceManagement.framework/Versions/A/ServiceManagement
0x00000000039cf000 	/usr/lib/libxslt.1.dylib
0x00000000039cf000 	/System/Library/Frameworks/Carbon.framework/Versions/A/Frameworks/Ink.framework/Versions/A/Ink
0x00000000039cf000 	/System/Library/Frameworks/QuartzCore.framework/Versions/A/Frameworks/CoreImage.framework/Versions/A/CoreImage
0x00000000039cf000 	/System/Library/PrivateFrameworks/CrashReporterSupport.framework/Versions/A/CrashReporterSupport
0x00000000039cf000 	/System/Library/Frameworks/OpenCL.framework/Versions/A/OpenCL
0x00000000039cf000 	/System/Library/PrivateFrameworks/FaceCore.framework/Versions/A/FaceCore
0x00000000039cf000 	/System/Library/PrivateFrameworks/Ubiquity.framework/Versions/A/Ubiquity
0x00000000039cf000 	/System/Library/PrivateFrameworks/IconServices.framework/Versions/A/IconServices
0x00000000039cf000 	/System/Library/PrivateFrameworks/ChunkingLibrary.framework/Versions/A/ChunkingLibrary
0x00000000039cf000 	/System/Library/PrivateFrameworks/Apple80211.framework/Versions/A/Apple80211
0x00000000039cf000 	/System/Library/Frameworks/CoreWLAN.framework/Versions/A/CoreWLAN
0x00000000039cf000 	/System/Library/Frameworks/IOBluetooth.framework/Versions/A/IOBluetooth
0x00000000039cf000 	/System/Library/PrivateFrameworks/CoreWiFi.framework/Versions/A/CoreWiFi
0x00000000039cf000 	/System/Library/Frameworks/CoreBluetooth.framework/Versions/A/CoreBluetooth
0x00000000039cf000 	/System/Library/PrivateFrameworks/DebugSymbols.framework/Versions/A/DebugSymbols
0x00000000039cf000 	/System/Library/PrivateFrameworks/CoreSymbolication.framework/Versions/A/CoreSymbolication
0x00000000039cf000 	/System/Library/PrivateFrameworks/Symbolication.framework/Versions/A/Symbolication
0x00000000039cf000 	/System/Library/PrivateFrameworks/SpeechRecognitionCore.framework/Versions/A/SpeechRecognitionCore
0x0000000104400000 	/Library/Java/JavaVirtualMachines/jdk1.7.0_45.jdk/Contents/Home/jre/lib/server/libjvm.dylib
0x00000000039cf000 	/usr/lib/libstdc++.6.dylib
0x0000000103b91000 	/Library/Java/JavaVirtualMachines/jdk1.7.0_45.jdk/Contents/Home/jre/lib/libverify.dylib
0x0000000103b9e000 	/Library/Java/JavaVirtualMachines/jdk1.7.0_45.jdk/Contents/Home/jre/lib/libjava.dylib
0x0000000103bd8000 	/Library/Java/JavaVirtualMachines/jdk1.7.0_45.jdk/Contents/Home/jre/lib/libzip.dylib
0x000000010c8b7000 	/System/Library/Frameworks/JavaVM.framework/Frameworks/JavaRuntimeSupport.framework/JavaRuntimeSupport
0x000000010c8cf000 	/System/Library/Frameworks/JavaVM.framework/Versions/A/Frameworks/JavaNativeFoundation.framework/Versions/A/JavaNativeFoundation
0x000000010c8e4000 	/System/Library/Frameworks/JavaVM.framework/Versions/A/JavaVM
0x00000000039cf000 	/System/Library/Frameworks/Carbon.framework/Versions/A/Carbon
0x000000010c8f1000 	/System/Library/PrivateFrameworks/JavaLaunching.framework/Versions/A/JavaLaunching
0x00000000039cf000 	/System/Library/Frameworks/Carbon.framework/Versions/A/Frameworks/CommonPanels.framework/Versions/A/CommonPanels
0x00000000039cf000 	/System/Library/Frameworks/Carbon.framework/Versions/A/Frameworks/Help.framework/Versions/A/Help
0x00000000039cf000 	/System/Library/Frameworks/Carbon.framework/Versions/A/Frameworks/ImageCapture.framework/Versions/A/ImageCapture
0x00000000039cf000 	/System/Library/Frameworks/Carbon.framework/Versions/A/Frameworks/OpenScripting.framework/Versions/A/OpenScripting
0x00000000039cf000 	/System/Library/Frameworks/Carbon.framework/Versions/A/Frameworks/Print.framework/Versions/A/Print
0x00000000039cf000 	/System/Library/Frameworks/Carbon.framework/Versions/A/Frameworks/SecurityHI.framework/Versions/A/SecurityHI
0x000000010e96c000 	/Library/Java/JavaVirtualMachines/jdk1.7.0_45.jdk/Contents/Home/jre/lib/libnio.dylib
0x000000010e97b000 	/Library/Java/JavaVirtualMachines/jdk1.7.0_45.jdk/Contents/Home/jre/lib/./libnet.dylib
0x000000010eec1000 	/private/var/folders/4b/cj5y0gyd3nbgf0_7zk44376h0000gn/T/native-platform7452047531351097090dir/libnative-platform.dylib

VM Arguments:
jvm_args: -XX:MaxPermSize=256m -XX:+HeapDumpOnOutOfMemoryError -Xmx1024m -Dfile.encoding=UTF-8 -Duser.country=US -Duser.language=en -Duser.variant 
java_command: org.gradle.launcher.daemon.bootstrap.GradleDaemon 2.2.1 /Users/ianmolesworth/.gradle/daemon 10800000 f70583b2-2be8-4e89-a7c3-4548efee3ed3 -XX:MaxPermSize=256m -XX:+HeapDumpOnOutOfMemoryError -Xmx1024m -Dfile.encoding=UTF-8 -Duser.country=US -Duser.language=en -Duser.variant
Launcher Type: SUN_STANDARD

Environment Variables:
PATH=/usr/bin:/bin:/usr/sbin:/sbin
SHELL=/bin/bash

Signal Handlers:
SIGSEGV: [libjvm.dylib+0x525415], sa_mask[0]=0xfffefeff, sa_flags=0x00000043
SIGBUS: [libjvm.dylib+0x525415], sa_mask[0]=0xfffefeff, sa_flags=0x00000042
SIGFPE: [libjvm.dylib+0x41891a], sa_mask[0]=0xfffefeff, sa_flags=0x00000042
SIGPIPE: [libjvm.dylib+0x41891a], sa_mask[0]=0xfffefeff, sa_flags=0x00000042
SIGXFSZ: [libjvm.dylib+0x41891a], sa_mask[0]=0xfffefeff, sa_flags=0x00000042
SIGILL: [libjvm.dylib+0x41891a], sa_mask[0]=0xfffefeff, sa_flags=0x00000042
SIGUSR1: SIG_DFL, sa_mask[0]=0x00000000, sa_flags=0x00000000
SIGUSR2: [libjvm.dylib+0x41840c], sa_mask[0]=0x00000004, sa_flags=0x00000042
SIGHUP: [libjvm.dylib+0x41669b], sa_mask[0]=0xfffefeff, sa_flags=0x00000042
SIGINT: [libjvm.dylib+0x41669b], sa_mask[0]=0xfffefeff, sa_flags=0x00000042
SIGTERM: [libjvm.dylib+0x41669b], sa_mask[0]=0xfffefeff, sa_flags=0x00000042
SIGQUIT: [libjvm.dylib+0x41669b], sa_mask[0]=0xfffefeff, sa_flags=0x00000042


---------------  S Y S T E M  ---------------

OS:Bsduname:Darwin 14.3.0 Darwin Kernel Version 14.3.0: Mon Mar 23 11:59:05 PDT 2015; root:xnu-2782.20.48~5/RELEASE_X86_64 x86_64
rlimit: STACK 8192k, CORE 0k, NPROC 709, NOFILE 10240, AS infinity
load average:1.55 1.63 1.63

CPU:total 4 (2 cores per cpu, 2 threads per core) family 6 model 42 stepping 7, cmov, cx8, fxsr, mmx, sse, sse2, sse3, ssse3, sse4.1, sse4.2, popcnt, avx, aes, ht, tsc, tscinvbit

Memory: 4k page, physical 8388608k(2097152k free)

/proc/meminfo:


vm_info: Java HotSpot(TM) 64-Bit Server VM (24.45-b08) for bsd-amd64 JRE (1.7.0_45-b18), built on Oct  8 2013 05:54:16 by "java_re" with gcc 4.2.1 (Based on Apple Inc. build 5658) (LLVM build 2336.11.00)

time: Mon Apr 27 21:06:34 2015
elapsed time: 18926 seconds

