#
# A fatal error has been detected by the Java Runtime Environment:
#
#  SIGSEGV (0xb) at pc=0x00000001058a6571, pid=2061, tid=9987
#
# JRE version: Java(TM) SE Runtime Environment (7.0_45-b18) (build 1.7.0_45-b18)
# Java VM: Java HotSpot(TM) 64-Bit Server VM (24.45-b08 mixed mode bsd-amd64 compressed oops)
# Problematic frame:
# V  [libjvm.dylib+0x235571]  oopDesc::size()+0x8d
#
# Failed to write core dump. Core dumps have been disabled. To enable core dumping, try "ulimit -c unlimited" before starting Java again
#
# If you would like to submit a bug report, please visit:
#   http://bugreport.sun.com/bugreport/crash.jsp
#

---------------  T H R E A D  ---------------

Current thread (0x00007fabf0821000):  GCTaskThread [stack: 0x000000010a251000,0x000000010a351000] [id=9987]

siginfo:si_signo=SIGSEGV: si_errno=0, si_code=0 (SEGV0), si_addr=0x0000000000000000

Registers:
RAX=0xf82fee14f82fee12, RBX=0x00007fabf06017d0, RCX=0x0000000000460f03, RDX=0x0000000002307801
RSP=0x000000010a350c20, RBP=0x000000010a350c20, RSI=0x00000007c183c358, RDI=0x00000007c17f7060
R8 =0x0000000000000231, R9 =0x00000000000091bf, R10=0x0410000000080001, R11=0x0000000000000200
R12=0x00000007c18b7064, R13=0x00000007c18b7098, R14=0x00000007c183c358, R15=0x00000007b004b628
RIP=0x00000001058a6571, EFLAGS=0x0000000000010246, ERR=0x0000000000000000
  TRAPNO=0x000000000000000d

Top of Stack: (sp=0x000000010a350c20)
0x000000010a350c20:   000000010a350c50 000000010583621a
0x000000010a350c30:   000000010a350ca0 00007fabf06017d0
0x000000010a350c40:   00000007b004b628 00000007b004b628
0x000000010a350c50:   000000010a350ca0 0000000105911575
0x000000010a350c60:   00007fabf06017d0 00000007c18b7048
0x000000010a350c70:   00000007b004b630 00007fabf06017d0
0x000000010a350c80:   00000007c18b7048 0000000105be4075
0x000000010a350c90:   00007fabf06017d8 0000000105de15c0
0x000000010a350ca0:   000000010a350d20 0000000105abb4f6
0x000000010a350cb0:   00007fabf0601810 00007fabf0601858
0x000000010a350cc0:   00007fabf0601890 0000000000000000
0x000000010a350cd0:   0000000000006100 00007fabf0911800
0x000000010a350ce0:   000000010a350d01 000000010a350d01
0x000000010a350cf0:   00007fabf0821000 00007fabf06017d0
0x000000010a350d00:   0000000000000000 0000000105be4075
0x000000010a350d10:   00007fabf04309a0 0000000000000001
0x000000010a350d20:   000000010a350db0 0000000105aaed9e
0x000000010a350d30:   00007fabf042b580 0000000105e61a80
0x000000010a350d40:   000000010a350d00 000000010a350d58
0x000000010a350d50:   00007fabf042ea01 0000000105e67910
0x000000010a350d60:   00012d0000012d00 0000000000000000
0x000000010a350d70:   00007fabf06017d0 00007fabf042ef10
0x000000010a350d80:   00007fabf042ef40 00007fabf042ef50
0x000000010a350d90:   00007fabf042f328 00000000000003d8
0x000000010a350da0:   00007fabf0821000 00007fabf04309a0
0x000000010a350db0:   000000010a350e90 00000001058dada7
0x000000010a350dc0:   000000010a350df0 00007fabf042ef10
0x000000010a350dd0:   00007fabf042ef40 00007fabf042ef50
0x000000010a350de0:   00007fabf042f328 00000000000003d8
0x000000010a350df0:   00007fabf0821000 00007fabf042f330
0x000000010a350e00:   00007fabf042f360 00007fabf042f370
0x000000010a350e10:   00007fabf042f748 00000000000003d8 

Instructions: (pc=0x00000001058a6571)
0x00000001058a6551:   00 48 01 c1 48 ba ff ff ff ff 07 00 00 00 48 01
0x00000001058a6561:   ca 48 f7 d8 48 21 d0 48 c1 e8 03 5d c3 48 8b 07
0x00000001058a6571:   48 8b 80 a8 00 00 00 5d ff e0 90 55 48 89 e5 48
0x00000001058a6581:   8d 05 99 57 51 00 48 83 c0 10 48 89 07 5d c3 55 

Register to memory mapping:

RAX=0xf82fee14f82fee12 is an unknown value
RBX=0x00007fabf06017d0 is an unknown value
RCX=0x0000000000460f03 is an unknown value
RDX=0x0000000002307801 is an unknown value
RSP=0x000000010a350c20 is an unknown value
RBP=0x000000010a350c20 is an unknown value
RSI=0x00000007c183c358 is pointing into object: 0x00000007c183c128
[Ljava.lang.Object; 
 - klass: 'java/lang/Object'[]
 - length: 244
RDI=0x00000007c17f7060 is pointing into object: 0x00000007c17f7050
org.codehaus.groovy.reflection.CachedMethod 
 - klass: 'org/codehaus/groovy/reflection/CachedMethod'
R8 =0x0000000000000231 is an unknown value
R9 =0x00000000000091bf is an unknown value
R10=0x0410000000080001 is an unknown value
R11=0x0000000000000200 is an unknown value
R12=0x00000007c18b7064 is pointing into object: 0x00000007c18b7048
java.lang.reflect.Method 
 - klass: 'java/lang/reflect/Method'
R13=0x00000007c18b7098 is an oop
org.codehaus.groovy.reflection.CachedMethod 
 - klass: 'org/codehaus/groovy/reflection/CachedMethod'
R14=0x00000007c183c358 is pointing into object: 0x00000007c183c128
[Ljava.lang.Object; 
 - klass: 'java/lang/Object'[]
 - length: 244
R15=0x00000007b004b628 is pointing into object: 0x00000007b004b340
{instance class} 
 - klass: {other class}


Stack: [0x000000010a251000,0x000000010a351000],  sp=0x000000010a350c20,  free space=1023k
Native frames: (J=compiled Java code, j=interpreted, Vv=VM code, C=native code)
V  [libjvm.dylib+0x235571]  oopDesc::size()+0x8d
V  [libjvm.dylib+0x1c521a]  void PSParallelCompact::mark_and_push<unsigned int>(ParCompactionManager*, unsigned int*)+0x6a
V  [libjvm.dylib+0x2a0575]  instanceKlass::oop_follow_contents(ParCompactionManager*, oopDesc*)+0xff
V  [libjvm.dylib+0x44a4f6]  ParCompactionManager::follow_marking_stacks()+0xba
V  [libjvm.dylib+0x43dd9e]  ThreadRootsMarkingTask::do_it(GCTaskManager*, unsigned int)+0xce
V  [libjvm.dylib+0x269da7]  GCTaskThread::run()+0x1a1
V  [libjvm.dylib+0x41b1c6]  java_start(Thread*)+0x126
C  [libsystem_pthread.dylib+0x3268]  _pthread_body+0x83
C  [libsystem_pthread.dylib+0x31e5]  _pthread_body+0x0
C  [libsystem_pthread.dylib+0x141d]  thread_start+0xd


---------------  P R O C E S S  ---------------

Java Threads: ( => current thread )
  0x00007fabf0911800 JavaThread "Stdin handler" [_thread_blocked, id=27167, stack(0x0000000110ea2000,0x0000000110fa2000)]
  0x00007fabf3435800 JavaThread "Daemon worker Thread 7" [_thread_blocked, id=20767, stack(0x0000000110d9f000,0x0000000110e9f000)]
  0x00007fabf22ab800 JavaThread "Cancel handler" [_thread_blocked, id=27675, stack(0x0000000110c9c000,0x0000000110d9c000)]
  0x00007fabf087f000 JavaThread "Handler for socket connection from /127.0.0.1:50788 to /127.0.0.1:51713" [_thread_in_native, id=26655, stack(0x0000000110b99000,0x0000000110c99000)]
  0x00007fabf199a000 JavaThread "Daemon Thread 7" [_thread_blocked, id=19511, stack(0x0000000110a96000,0x0000000110b96000)]
  0x00007fabf2270000 JavaThread "File lock request listener" [_thread_in_native, id=22275, stack(0x0000000110621000,0x0000000110721000)]
  0x00007fabf19e5800 JavaThread "Incoming local TCP Connector on port 50788" [_thread_in_native, id=18691, stack(0x0000000110993000,0x0000000110a93000)]
  0x00007fabf0874000 JavaThread "Service Thread" daemon [_thread_blocked, id=17667, stack(0x000000010ffd6000,0x00000001100d6000)]
  0x00007fabf0873800 JavaThread "C2 CompilerThread1" daemon [_thread_blocked, id=17155, stack(0x000000010fed3000,0x000000010ffd3000)]
  0x00007fabf0871800 JavaThread "C2 CompilerThread0" daemon [_thread_blocked, id=16643, stack(0x000000010fdd0000,0x000000010fed0000)]
  0x00007fabf086a800 JavaThread "Signal Dispatcher" daemon [_thread_blocked, id=13331, stack(0x000000010fccd000,0x000000010fdcd000)]
  0x00007fabf2002000 JavaThread "Finalizer" daemon [_thread_blocked, id=11523, stack(0x000000010e2a8000,0x000000010e3a8000)]
  0x00007fabf1004000 JavaThread "Reference Handler" daemon [_thread_blocked, id=11011, stack(0x000000010e1a5000,0x000000010e2a5000)]
  0x00007fabf080e000 JavaThread "main" [_thread_blocked, id=4867, stack(0x00000001060dc000,0x00000001061dc000)]

Other Threads:
  0x00007fabf1804800 VMThread [stack: 0x000000010e0a2000,0x000000010e1a2000] [id=10499]
  0x00007fabf0868000 WatcherThread [stack: 0x00000001100d9000,0x00000001101d9000] [id=18179]

=>0x00007fabf0821000 (exited) GCTaskThread [stack: 0x000000010a251000,0x000000010a351000] [id=9987]

VM state:at safepoint (normal execution)

VM Mutex/Monitor currently owned by a thread:  ([mutex/lock_event])
[0x00007fabf0420b70] Threads_lock - owner thread: 0x00007fabf1804800
[0x00007fabf0421070] Heap_lock - owner thread: 0x00007fabf3435800

Heap
 PSYoungGen      total 294912K, used 253440K [0x00000007eaa80000, 0x00000007ff480000, 0x0000000800000000)
  eden space 253440K, 100% used [0x00000007eaa80000,0x00000007fa200000,0x00000007fa200000)
  from space 41472K, 0% used [0x00000007fcb00000,0x00000007fcb00000,0x00000007ff380000)
  to   space 41984K, 0% used [0x00000007fa200000,0x00000007fa200000,0x00000007fcb00000)
 ParOldGen       total 87040K, used 72439K [0x00000007c0000000, 0x00000007c5500000, 0x00000007eaa80000)
  object space 87040K, 83% used [0x00000007c0000000,0x00000007c46bdf90,0x00000007c5500000)
 PSPermGen       total 131072K, used 89672K [0x00000007b0000000, 0x00000007b8000000, 0x00000007c0000000)
  object space 131072K, 68% used [0x00000007b0000000,0x00000007b57920d8,0x00000007b8000000)

Card table byte_map: [0x0000000109af0000,0x0000000109d71000] byte_map_base: 0x0000000105d70000

Polling page: 0x00000001061eb000

Code Cache  [0x0000000106a30000, 0x00000001072b0000, 0x0000000109a30000)
 total_blobs=2679 nmethods=2059 adapters=573 free_code_cache=40574Kb largest_free_block=41452928

Compilation events (10 events):
Event: 38371.829 Thread 0x00007fabf0873800 2250             java.nio.DirectByteBuffer::get (123 bytes)
Event: 38371.834 Thread 0x00007fabf0873800 nmethod 2250 0x0000000107276750 code [0x00000001072768a0, 0x0000000107276c18]
Event: 38371.851 Thread 0x00007fabf0871800 2251             java.net.URI$Parser::substring (10 bytes)
Event: 38371.855 Thread 0x00007fabf0871800 nmethod 2251 0x0000000107297d10 code [0x0000000107297e80, 0x00000001072981f8]
Event: 38371.855 Thread 0x00007fabf0873800 2252             java.net.URI$Parser::checkChars (44 bytes)
Event: 38371.858 Thread 0x00007fabf0873800 nmethod 2252 0x0000000107297650 code [0x00000001072977a0, 0x00000001072979e8]
Event: 38371.862 Thread 0x00007fabf0871800 2253             org.gradle.internal.service.DefaultServiceRegistry$ParameterizedTypeSpec::isSatisfiedBy (90 bytes)
Event: 38371.872 Thread 0x00007fabf0871800 nmethod 2253 0x0000000107291110 code [0x0000000107291300, 0x0000000107291bc8]
Event: 38371.882 Thread 0x00007fabf0873800 2254             org.codehaus.groovy.antlr.parser.GroovyRecognizer::identifierStar (597 bytes)
Event: 38371.932 Thread 0x00007fabf0871800 2255   !         groovy.lang.GroovyClassLoader::loadClass (360 bytes)

GC Heap History (10 events):
Event: 38122.791 GC heap after
Heap after GC invocations=19 (full 3):
 PSYoungGen      total 304640K, used 20309K [0x00000007eaa80000, 0x00000007ffb00000, 0x0000000800000000)
  eden space 265728K, 0% used [0x00000007eaa80000,0x00000007eaa80000,0x00000007fae00000)
  from space 38912K, 52% used [0x00000007fd500000,0x00000007fe8d56b8,0x00000007ffb00000)
  to   space 39424K, 0% used [0x00000007fae00000,0x00000007fae00000,0x00000007fd480000)
 ParOldGen       total 87040K, used 44723K [0x00000007c0000000, 0x00000007c5500000, 0x00000007eaa80000)
  object space 87040K, 51% used [0x00000007c0000000,0x00000007c2bacd68,0x00000007c5500000)
 PSPermGen       total 118784K, used 72471K [0x00000007b0000000, 0x00000007b7400000, 0x00000007c0000000)
  object space 118784K, 61% used [0x00000007b0000000,0x00000007b46c5ed0,0x00000007b7400000)
}
Event: 38122.791 GC heap before
{Heap before GC invocations=20 (full 4):
 PSYoungGen      total 304640K, used 20309K [0x00000007eaa80000, 0x00000007ffb00000, 0x0000000800000000)
  eden space 265728K, 0% used [0x00000007eaa80000,0x00000007eaa80000,0x00000007fae00000)
  from space 38912K, 52% used [0x00000007fd500000,0x00000007fe8d56b8,0x00000007ffb00000)
  to   space 39424K, 0% used [0x00000007fae00000,0x00000007fae00000,0x00000007fd480000)
 ParOldGen       total 87040K, used 44723K [0x00000007c0000000, 0x00000007c5500000, 0x00000007eaa80000)
  object space 87040K, 51% used [0x00000007c0000000,0x00000007c2bacd68,0x00000007c5500000)
 PSPermGen       total 118784K, used 72471K [0x00000007b0000000, 0x00000007b7400000, 0x00000007c0000000)
  object space 118784K, 61% used [0x00000007b0000000,0x00000007b46c5ed0,0x00000007b7400000)
Event: 38123.337 GC heap after
Heap after GC invocations=20 (full 4):
 PSYoungGen      total 304640K, used 0K [0x00000007eaa80000, 0x00000007ffb00000, 0x0000000800000000)
  eden space 265728K, 0% used [0x00000007eaa80000,0x00000007eaa80000,0x00000007fae00000)
  from space 38912K, 0% used [0x00000007fd500000,0x00000007fd500000,0x00000007ffb00000)
  to   space 39424K, 0% used [0x00000007fae00000,0x00000007fae00000,0x00000007fd480000)
 ParOldGen       total 87040K, used 63100K [0x00000007c0000000, 0x00000007c5500000, 0x00000007eaa80000)
  object space 87040K, 72% used [0x00000007c0000000,0x00000007c3d9f3b8,0x00000007c5500000)
 PSPermGen       total 124928K, used 72431K [0x00000007b0000000, 0x00000007b7a00000, 0x00000007c0000000)
  object space 124928K, 57% used [0x00000007b0000000,0x00000007b46bbdd0,0x00000007b7a00000)
}
Event: 38260.448 GC heap before
{Heap before GC invocations=21 (full 4):
 PSYoungGen      total 304640K, used 265728K [0x00000007eaa80000, 0x00000007ffb00000, 0x0000000800000000)
  eden space 265728K, 100% used [0x00000007eaa80000,0x00000007fae00000,0x00000007fae00000)
  from space 38912K, 0% used [0x00000007fd500000,0x00000007fd500000,0x00000007ffb00000)
  to   space 39424K, 0% used [0x00000007fae00000,0x00000007fae00000,0x00000007fd480000)
 ParOldGen       total 87040K, used 63100K [0x00000007c0000000, 0x00000007c5500000, 0x00000007eaa80000)
  object space 87040K, 72% used [0x00000007c0000000,0x00000007c3d9f3b8,0x00000007c5500000)
 PSPermGen       total 124928K, used 80876K [0x00000007b0000000, 0x00000007b7a00000, 0x00000007c0000000)
  object space 124928K, 64% used [0x00000007b0000000,0x00000007b4efb210,0x00000007b7a00000)
Event: 38260.492 GC heap after
Heap after GC invocations=21 (full 4):
 PSYoungGen      total 281600K, used 27292K [0x00000007eaa80000, 0x00000007ff380000, 0x0000000800000000)
  eden space 253952K, 0% used [0x00000007eaa80000,0x00000007eaa80000,0x00000007fa280000)
  from space 27648K, 98% used [0x00000007fae00000,0x00000007fc8a73b8,0x00000007fc900000)
  to   space 41472K, 0% used [0x00000007fcb00000,0x00000007fcb00000,0x00000007ff380000)
 ParOldGen       total 87040K, used 63100K [0x00000007c0000000, 0x00000007c5500000, 0x00000007eaa80000)
  object space 87040K, 72% used [0x00000007c0000000,0x00000007c3d9f3b8,0x00000007c5500000)
 PSPermGen       total 124928K, used 80876K [0x00000007b0000000, 0x00000007b7a00000, 0x00000007c0000000)
  object space 124928K, 64% used [0x00000007b0000000,0x00000007b4efb210,0x00000007b7a00000)
}
Event: 38261.324 GC heap before
{Heap before GC invocations=22 (full 4):
 PSYoungGen      total 281600K, used 45449K [0x00000007eaa80000, 0x00000007ff380000, 0x0000000800000000)
  eden space 253952K, 7% used [0x00000007eaa80000,0x00000007ebc3b308,0x00000007fa280000)
  from space 27648K, 98% used [0x00000007fae00000,0x00000007fc8a73b8,0x00000007fc900000)
  to   space 41472K, 0% used [0x00000007fcb00000,0x00000007fcb00000,0x00000007ff380000)
 ParOldGen       total 87040K, used 63100K [0x00000007c0000000, 0x00000007c5500000, 0x00000007eaa80000)
  object space 87040K, 72% used [0x00000007c0000000,0x00000007c3d9f3b8,0x00000007c5500000)
 PSPermGen       total 124928K, used 81520K [0x00000007b0000000, 0x00000007b7a00000, 0x00000007c0000000)
  object space 124928K, 65% used [0x00000007b0000000,0x00000007b4f9c3f0,0x00000007b7a00000)
Event: 38261.354 GC heap after
Heap after GC invocations=22 (full 4):
 PSYoungGen      total 294912K, used 768K [0x00000007eaa80000, 0x00000007ff480000, 0x0000000800000000)
  eden space 253440K, 0% used [0x00000007eaa80000,0x00000007eaa80000,0x00000007fa200000)
  from space 41472K, 1% used [0x00000007fcb00000,0x00000007fcbc0000,0x00000007ff380000)
  to   space 41984K, 0% used [0x00000007fa200000,0x00000007fa200000,0x00000007fcb00000)
 ParOldGen       total 87040K, used 79161K [0x00000007c0000000, 0x00000007c5500000, 0x00000007eaa80000)
  object space 87040K, 90% used [0x00000007c0000000,0x00000007c4d4e480,0x00000007c5500000)
 PSPermGen       total 124928K, used 81520K [0x00000007b0000000, 0x00000007b7a00000, 0x00000007c0000000)
  object space 124928K, 65% used [0x00000007b0000000,0x00000007b4f9c3f0,0x00000007b7a00000)
}
Event: 38261.354 GC heap before
{Heap before GC invocations=23 (full 5):
 PSYoungGen      total 294912K, used 768K [0x00000007eaa80000, 0x00000007ff480000, 0x0000000800000000)
  eden space 253440K, 0% used [0x00000007eaa80000,0x00000007eaa80000,0x00000007fa200000)
  from space 41472K, 1% used [0x00000007fcb00000,0x00000007fcbc0000,0x00000007ff380000)
  to   space 41984K, 0% used [0x00000007fa200000,0x00000007fa200000,0x00000007fcb00000)
 ParOldGen       total 87040K, used 79161K [0x00000007c0000000, 0x00000007c5500000, 0x00000007eaa80000)
  object space 87040K, 90% used [0x00000007c0000000,0x00000007c4d4e480,0x00000007c5500000)
 PSPermGen       total 124928K, used 81520K [0x00000007b0000000, 0x00000007b7a00000, 0x00000007c0000000)
  object space 124928K, 65% used [0x00000007b0000000,0x00000007b4f9c3f0,0x00000007b7a00000)
Event: 38262.067 GC heap after
Heap after GC invocations=23 (full 5):
 PSYoungGen      total 294912K, used 0K [0x00000007eaa80000, 0x00000007ff480000, 0x0000000800000000)
  eden space 253440K, 0% used [0x00000007eaa80000,0x00000007eaa80000,0x00000007fa200000)
  from space 41472K, 0% used [0x00000007fcb00000,0x00000007fcb00000,0x00000007ff380000)
  to   space 41984K, 0% used [0x00000007fa200000,0x00000007fa200000,0x00000007fcb00000)
 ParOldGen       total 87040K, used 72439K [0x00000007c0000000, 0x00000007c5500000, 0x00000007eaa80000)
  object space 87040K, 83% used [0x00000007c0000000,0x00000007c46bdf90,0x00000007c5500000)
 PSPermGen       total 131072K, used 81480K [0x00000007b0000000, 0x00000007b8000000, 0x00000007c0000000)
  object space 131072K, 62% used [0x00000007b0000000,0x00000007b4f92108,0x00000007b8000000)
}
Event: 38371.953 GC heap before
{Heap before GC invocations=24 (full 6):
 PSYoungGen      total 294912K, used 253440K [0x00000007eaa80000, 0x00000007ff480000, 0x0000000800000000)
  eden space 253440K, 100% used [0x00000007eaa80000,0x00000007fa200000,0x00000007fa200000)
  from space 41472K, 0% used [0x00000007fcb00000,0x00000007fcb00000,0x00000007ff380000)
  to   space 41984K, 0% used [0x00000007fa200000,0x00000007fa200000,0x00000007fcb00000)
 ParOldGen       total 87040K, used 72439K [0x00000007c0000000, 0x00000007c5500000, 0x00000007eaa80000)
  object space 87040K, 83% used [0x00000007c0000000,0x00000007c46bdf90,0x00000007c5500000)
 PSPermGen       total 131072K, used 89672K [0x00000007b0000000, 0x00000007b8000000, 0x00000007c0000000)
  object space 131072K, 68% used [0x00000007b0000000,0x00000007b57920d8,0x00000007b8000000)

Deoptimization events (10 events):
Event: 38121.922 Thread 0x00007fabf087f000 Uncommon trap: reason=array_check action=maybe_recompile pc=0x00000001071d7268 method=java.util.ComparableTimSort.mergeLo(IIII)V @ 461
Event: 38121.923 Thread 0x00007fabf087f000 Uncommon trap: reason=array_check action=maybe_recompile pc=0x000000010716222c method=java.util.ComparableTimSort.mergeLo(IIII)V @ 203
Event: 38262.072 Thread 0x00007fabf199a000 Uncommon trap: reason=null_check action=make_not_entrant pc=0x0000000107186454 method=java.io.ObjectStreamClass.getField(Ljava/lang/String;Ljava/lang/Class;)Ljava/io/ObjectStreamField; @ 68
Event: 38304.859 Thread 0x00007fabf1843800 Uncommon trap: reason=predicate action=maybe_recompile pc=0x000000010728b638 method=java.util.TimSort.mergeHi(IIII)V @ 180
Event: 38304.986 Thread 0x00007fabf1843800 Uncommon trap: reason=array_check action=maybe_recompile pc=0x0000000107288840 method=java.util.TimSort.mergeHi(IIII)V @ 239
Event: 38305.009 Thread 0x00007fabf1843800 Uncommon trap: reason=array_check action=maybe_recompile pc=0x00000001072888bc method=java.util.TimSort.mergeHi(IIII)V @ 271
Event: 38305.018 Thread 0x00007fabf1843800 Uncommon trap: reason=array_check action=maybe_recompile pc=0x0000000107288840 method=java.util.TimSort.mergeHi(IIII)V @ 239
Event: 38305.112 Thread 0x00007fabf1843800 Uncommon trap: reason=array_check action=maybe_recompile pc=0x0000000107293b08 method=java.util.TimSort.mergeHi(IIII)V @ 408
Event: 38305.112 Thread 0x00007fabf1843800 Uncommon trap: reason=array_check action=maybe_recompile pc=0x0000000107293b08 method=java.util.TimSort.mergeHi(IIII)V @ 408
Event: 38305.204 Thread 0x00007fabf1843800 Uncommon trap: reason=array_check action=maybe_recompile pc=0x0000000107299c44 method=java.util.TimSort.mergeHi(IIII)V @ 512

Internal exceptions (10 events):
Event: 38371.952 Thread 0x00007fabf3435800 Threw 0x00000007fa1eeac8 at /HUDSON/workspace/7u-2-build-macosx-x86_64/jdk7u45/229/hotspot/src/share/vm/prims/jvm.cpp:1244
Event: 38371.952 Thread 0x00007fabf3435800 Threw 0x00000007fa1f0918 at /HUDSON/workspace/7u-2-build-macosx-x86_64/jdk7u45/229/hotspot/src/share/vm/prims/jvm.cpp:1244
Event: 38371.952 Thread 0x00007fabf3435800 Threw 0x00000007fa1f27c0 at /HUDSON/workspace/7u-2-build-macosx-x86_64/jdk7u45/229/hotspot/src/share/vm/prims/jvm.cpp:1244
Event: 38371.952 Thread 0x00007fabf3435800 Threw 0x00000007fa1f4668 at /HUDSON/workspace/7u-2-build-macosx-x86_64/jdk7u45/229/hotspot/src/share/vm/prims/jvm.cpp:1244
Event: 38371.953 Thread 0x00007fabf3435800 Threw 0x00000007fa1f6528 at /HUDSON/workspace/7u-2-build-macosx-x86_64/jdk7u45/229/hotspot/src/share/vm/prims/jvm.cpp:1244
Event: 38371.953 Thread 0x00007fabf3435800 Threw 0x00000007fa1f83e8 at /HUDSON/workspace/7u-2-build-macosx-x86_64/jdk7u45/229/hotspot/src/share/vm/prims/jvm.cpp:1244
Event: 38371.953 Thread 0x00007fabf3435800 Threw 0x00000007fa1f90a0 at /HUDSON/workspace/7u-2-build-macosx-x86_64/jdk7u45/229/hotspot/src/share/vm/prims/jvm.cpp:1244
Event: 38371.953 Thread 0x00007fabf3435800 Threw 0x00000007fa1f9cc0 at /HUDSON/workspace/7u-2-build-macosx-x86_64/jdk7u45/229/hotspot/src/share/vm/prims/jvm.cpp:1244
Event: 38371.953 Thread 0x00007fabf3435800 Threw 0x00000007fa1fa8e0 at /HUDSON/workspace/7u-2-build-macosx-x86_64/jdk7u45/229/hotspot/src/share/vm/prims/jvm.cpp:1244
Event: 38371.953 Thread 0x00007fabf3435800 Threw 0x00000007fa1fb500 at /HUDSON/workspace/7u-2-build-macosx-x86_64/jdk7u45/229/hotspot/src/share/vm/prims/jvm.cpp:1244

Events (10 events):
Event: 38371.831 Thread 0x00007fabf22ab800 Thread added: 0x00007fabf22ab800
Event: 38371.841 Thread 0x00007fabf3435800 Thread added: 0x00007fabf3435800
Event: 38371.842 Executing VM operation: RevokeBias
Event: 38371.842 Executing VM operation: RevokeBias done
Event: 38371.842 Executing VM operation: RevokeBias
Event: 38371.842 Executing VM operation: RevokeBias done
Event: 38371.845 Thread 0x00007fabf0911800 Thread added: 0x00007fabf0911800
Event: 38371.887 Executing VM operation: BulkRevokeBias
Event: 38371.887 Executing VM operation: BulkRevokeBias done
Event: 38371.953 Executing VM operation: ParallelGCFailedAllocation


Dynamic libraries:
0x00000000039cf000 	/System/Library/Frameworks/Cocoa.framework/Versions/A/Cocoa
0x00000000039cf000 	/System/Library/Frameworks/Security.framework/Versions/A/Security
0x00000000039cf000 	/System/Library/Frameworks/ApplicationServices.framework/Versions/A/ApplicationServices
0x00000000039cf000 	/usr/lib/libz.1.dylib
0x00000000039cf000 	/usr/lib/libSystem.B.dylib
0x00000000039cf000 	/usr/lib/libobjc.A.dylib
0x00000000039cf000 	/System/Library/Frameworks/CoreFoundation.framework/Versions/A/CoreFoundation
0x00000000039cf000 	/System/Library/Frameworks/Foundation.framework/Versions/C/Foundation
0x00000000039cf000 	/System/Library/Frameworks/AppKit.framework/Versions/C/AppKit
0x00000000039cf000 	/System/Library/Frameworks/CoreData.framework/Versions/A/CoreData
0x00000000039cf000 	/System/Library/PrivateFrameworks/RemoteViewServices.framework/Versions/A/RemoteViewServices
0x00000000039cf000 	/System/Library/PrivateFrameworks/UIFoundation.framework/Versions/A/UIFoundation
0x00000000039cf000 	/System/Library/Frameworks/IOSurface.framework/Versions/A/IOSurface
0x00000000039cf000 	/System/Library/Frameworks/AudioToolbox.framework/Versions/A/AudioToolbox
0x00000000039cf000 	/System/Library/Frameworks/AudioUnit.framework/Versions/A/AudioUnit
0x00000000039cf000 	/System/Library/PrivateFrameworks/DataDetectorsCore.framework/Versions/A/DataDetectorsCore
0x00000000039cf000 	/System/Library/PrivateFrameworks/DesktopServicesPriv.framework/Versions/A/DesktopServicesPriv
0x00000000039cf000 	/System/Library/Frameworks/Carbon.framework/Versions/A/Frameworks/HIToolbox.framework/Versions/A/HIToolbox
0x00000000039cf000 	/System/Library/Frameworks/QuartzCore.framework/Versions/A/QuartzCore
0x00000000039cf000 	/System/Library/Frameworks/Carbon.framework/Versions/A/Frameworks/SpeechRecognition.framework/Versions/A/SpeechRecognition
0x00000000039cf000 	/usr/lib/libauto.dylib
0x00000000039cf000 	/usr/lib/libicucore.A.dylib
0x00000000039cf000 	/usr/lib/libxml2.2.dylib
0x00000000039cf000 	/System/Library/PrivateFrameworks/CoreUI.framework/Versions/A/CoreUI
0x00000000039cf000 	/System/Library/Frameworks/CoreAudio.framework/Versions/A/CoreAudio
0x00000000039cf000 	/System/Library/Frameworks/DiskArbitration.framework/Versions/A/DiskArbitration
0x00000000039cf000 	/usr/lib/liblangid.dylib
0x00000000039cf000 	/System/Library/PrivateFrameworks/MultitouchSupport.framework/Versions/A/MultitouchSupport
0x00000000039cf000 	/System/Library/Frameworks/IOKit.framework/Versions/A/IOKit
0x00000000039cf000 	/usr/lib/libDiagnosticMessagesClient.dylib
0x00000000039cf000 	/System/Library/Frameworks/CoreServices.framework/Versions/A/CoreServices
0x00000000039cf000 	/System/Library/PrivateFrameworks/PerformanceAnalysis.framework/Versions/A/PerformanceAnalysis
0x00000000039cf000 	/System/Library/PrivateFrameworks/GenerationalStorage.framework/Versions/A/GenerationalStorage
0x00000000039cf000 	/System/Library/Frameworks/OpenGL.framework/Versions/A/OpenGL
0x00000000039cf000 	/System/Library/PrivateFrameworks/Sharing.framework/Versions/A/Sharing
0x00000000039cf000 	/System/Library/Frameworks/CoreGraphics.framework/Versions/A/CoreGraphics
0x00000000039cf000 	/System/Library/Frameworks/CoreText.framework/Versions/A/CoreText
0x00000000039cf000 	/System/Library/Frameworks/ImageIO.framework/Versions/A/ImageIO
0x00000000039cf000 	/usr/lib/libextension.dylib
0x00000000039cf000 	/System/Library/PrivateFrameworks/Backup.framework/Versions/A/Backup
0x00000000039cf000 	/usr/lib/libarchive.2.dylib
0x00000000039cf000 	/System/Library/Frameworks/CFNetwork.framework/Versions/A/CFNetwork
0x00000000039cf000 	/System/Library/Frameworks/SystemConfiguration.framework/Versions/A/SystemConfiguration
0x00000000039cf000 	/usr/lib/libCRFSuite.dylib
0x00000000039cf000 	/usr/lib/libc++.1.dylib
0x00000000039cf000 	/usr/lib/libc++abi.dylib
0x00000000039cf000 	/usr/lib/system/libcache.dylib
0x00000000039cf000 	/usr/lib/system/libcommonCrypto.dylib
0x00000000039cf000 	/usr/lib/system/libcompiler_rt.dylib
0x00000000039cf000 	/usr/lib/system/libcopyfile.dylib
0x00000000039cf000 	/usr/lib/system/libcorecrypto.dylib
0x00000000039cf000 	/usr/lib/system/libdispatch.dylib
0x00000000039cf000 	/usr/lib/system/libdyld.dylib
0x00000000039cf000 	/usr/lib/system/libkeymgr.dylib
0x00000000039cf000 	/usr/lib/system/liblaunch.dylib
0x00000000039cf000 	/usr/lib/system/libmacho.dylib
0x00000000039cf000 	/usr/lib/system/libquarantine.dylib
0x00000000039cf000 	/usr/lib/system/libremovefile.dylib
0x00000000039cf000 	/usr/lib/system/libsystem_asl.dylib
0x00000000039cf000 	/usr/lib/system/libsystem_blocks.dylib
0x00000000039cf000 	/usr/lib/system/libsystem_c.dylib
0x00000000039cf000 	/usr/lib/system/libsystem_configuration.dylib
0x00000000039cf000 	/usr/lib/system/libsystem_coreservices.dylib
0x00000000039cf000 	/usr/lib/system/libsystem_coretls.dylib
0x00000000039cf000 	/usr/lib/system/libsystem_dnssd.dylib
0x00000000039cf000 	/usr/lib/system/libsystem_info.dylib
0x00000000039cf000 	/usr/lib/system/libsystem_kernel.dylib
0x00000000039cf000 	/usr/lib/system/libsystem_m.dylib
0x00000000039cf000 	/usr/lib/system/libsystem_malloc.dylib
0x00000000039cf000 	/usr/lib/system/libsystem_network.dylib
0x00000000039cf000 	/usr/lib/system/libsystem_networkextension.dylib
0x00000000039cf000 	/usr/lib/system/libsystem_notify.dylib
0x00000000039cf000 	/usr/lib/system/libsystem_platform.dylib
0x00000000039cf000 	/usr/lib/system/libsystem_pthread.dylib
0x00000000039cf000 	/usr/lib/system/libsystem_sandbox.dylib
0x00000000039cf000 	/usr/lib/system/libsystem_secinit.dylib
0x00000000039cf000 	/usr/lib/system/libsystem_stats.dylib
0x00000000039cf000 	/usr/lib/system/libsystem_trace.dylib
0x00000000039cf000 	/usr/lib/system/libunc.dylib
0x00000000039cf000 	/usr/lib/system/libunwind.dylib
0x00000000039cf000 	/usr/lib/system/libxpc.dylib
0x00000000039cf000 	/usr/lib/libbz2.1.0.dylib
0x00000000039cf000 	/usr/lib/liblzma.5.dylib
0x00000000039cf000 	/usr/lib/libbsm.0.dylib
0x00000000039cf000 	/usr/lib/libsqlite3.dylib
0x00000000039cf000 	/usr/lib/system/libkxld.dylib
0x00000000039cf000 	/usr/lib/libxar.1.dylib
0x00000000039cf000 	/usr/lib/libpam.2.dylib
0x00000000039cf000 	/usr/lib/libOpenScriptingUtil.dylib
0x00000000039cf000 	/System/Library/Frameworks/CoreServices.framework/Versions/A/Frameworks/FSEvents.framework/Versions/A/FSEvents
0x00000000039cf000 	/System/Library/Frameworks/CoreServices.framework/Versions/A/Frameworks/CarbonCore.framework/Versions/A/CarbonCore
0x00000000039cf000 	/System/Library/Frameworks/CoreServices.framework/Versions/A/Frameworks/Metadata.framework/Versions/A/Metadata
0x00000000039cf000 	/System/Library/Frameworks/CoreServices.framework/Versions/A/Frameworks/OSServices.framework/Versions/A/OSServices
0x00000000039cf000 	/System/Library/Frameworks/CoreServices.framework/Versions/A/Frameworks/SearchKit.framework/Versions/A/SearchKit
0x00000000039cf000 	/System/Library/Frameworks/CoreServices.framework/Versions/A/Frameworks/AE.framework/Versions/A/AE
0x00000000039cf000 	/System/Library/Frameworks/CoreServices.framework/Versions/A/Frameworks/LaunchServices.framework/Versions/A/LaunchServices
0x00000000039cf000 	/System/Library/Frameworks/CoreServices.framework/Versions/A/Frameworks/DictionaryServices.framework/Versions/A/DictionaryServices
0x00000000039cf000 	/System/Library/Frameworks/NetFS.framework/Versions/A/NetFS
0x00000000039cf000 	/System/Library/PrivateFrameworks/NetAuth.framework/Versions/A/NetAuth
0x00000000039cf000 	/System/Library/PrivateFrameworks/login.framework/Versions/A/Frameworks/loginsupport.framework/Versions/A/loginsupport
0x00000000039cf000 	/System/Library/PrivateFrameworks/TCC.framework/Versions/A/TCC
0x00000000039cf000 	/usr/lib/libmecabra.dylib
0x00000000039cf000 	/System/Library/Frameworks/ApplicationServices.framework/Versions/A/Frameworks/ATS.framework/Versions/A/ATS
0x00000000039cf000 	/System/Library/Frameworks/ApplicationServices.framework/Versions/A/Frameworks/ColorSync.framework/Versions/A/ColorSync
0x00000000039cf000 	/System/Library/Frameworks/ApplicationServices.framework/Versions/A/Frameworks/HIServices.framework/Versions/A/HIServices
0x00000000039cf000 	/System/Library/Frameworks/ApplicationServices.framework/Versions/A/Frameworks/LangAnalysis.framework/Versions/A/LangAnalysis
0x00000000039cf000 	/System/Library/Frameworks/ApplicationServices.framework/Versions/A/Frameworks/PrintCore.framework/Versions/A/PrintCore
0x00000000039cf000 	/System/Library/Frameworks/ApplicationServices.framework/Versions/A/Frameworks/QD.framework/Versions/A/QD
0x00000000039cf000 	/System/Library/Frameworks/ApplicationServices.framework/Versions/A/Frameworks/SpeechSynthesis.framework/Versions/A/SpeechSynthesis
0x00000000039cf000 	/System/Library/Frameworks/Accelerate.framework/Versions/A/Accelerate
0x00000000039cf000 	/System/Library/Frameworks/Accelerate.framework/Versions/A/Frameworks/vImage.framework/Versions/A/vImage
0x00000000039cf000 	/System/Library/Frameworks/Accelerate.framework/Versions/A/Frameworks/vecLib.framework/Versions/A/vecLib
0x00000000039cf000 	/System/Library/Frameworks/Accelerate.framework/Versions/A/Frameworks/vecLib.framework/Versions/A/libvDSP.dylib
0x00000000039cf000 	/System/Library/Frameworks/Accelerate.framework/Versions/A/Frameworks/vecLib.framework/Versions/A/libvMisc.dylib
0x00000000039cf000 	/System/Library/Frameworks/Accelerate.framework/Versions/A/Frameworks/vecLib.framework/Versions/A/libLAPACK.dylib
0x00000000039cf000 	/System/Library/Frameworks/Accelerate.framework/Versions/A/Frameworks/vecLib.framework/Versions/A/libBLAS.dylib
0x00000000039cf000 	/System/Library/Frameworks/Accelerate.framework/Versions/A/Frameworks/vecLib.framework/Versions/A/libLinearAlgebra.dylib
0x00000000039cf000 	/System/Library/Frameworks/ApplicationServices.framework/Versions/A/Frameworks/ATS.framework/Versions/A/Resources/libFontParser.dylib
0x00000000039cf000 	/System/Library/Frameworks/ApplicationServices.framework/Versions/A/Frameworks/ATS.framework/Versions/A/Resources/libFontRegistry.dylib
0x00000000039cf000 	/System/Library/PrivateFrameworks/AppleVPA.framework/Versions/A/AppleVPA
0x00000000039cf000 	/System/Library/PrivateFrameworks/AppleJPEG.framework/Versions/A/AppleJPEG
0x00000000039cf000 	/System/Library/Frameworks/ImageIO.framework/Versions/A/Resources/libJPEG.dylib
0x00000000039cf000 	/System/Library/Frameworks/ImageIO.framework/Versions/A/Resources/libTIFF.dylib
0x00000000039cf000 	/System/Library/Frameworks/ImageIO.framework/Versions/A/Resources/libPng.dylib
0x00000000039cf000 	/System/Library/Frameworks/ImageIO.framework/Versions/A/Resources/libGIF.dylib
0x00000000039cf000 	/System/Library/Frameworks/ImageIO.framework/Versions/A/Resources/libJP2.dylib
0x00000000039cf000 	/System/Library/Frameworks/ImageIO.framework/Versions/A/Resources/libRadiance.dylib
0x00000000039cf000 	/System/Library/Frameworks/CoreVideo.framework/Versions/A/CoreVideo
0x00000000039cf000 	/System/Library/Frameworks/OpenGL.framework/Versions/A/Libraries/libGLU.dylib
0x00000000039cf000 	/System/Library/Frameworks/OpenGL.framework/Versions/A/Libraries/libGFXShared.dylib
0x00000000039cf000 	/System/Library/Frameworks/OpenGL.framework/Versions/A/Libraries/libGL.dylib
0x00000000039cf000 	/System/Library/Frameworks/OpenGL.framework/Versions/A/Libraries/libGLImage.dylib
0x00000000039cf000 	/System/Library/Frameworks/OpenGL.framework/Versions/A/Libraries/libCVMSPluginSupport.dylib
0x00000000039cf000 	/System/Library/Frameworks/OpenGL.framework/Versions/A/Libraries/libCoreVMClient.dylib
0x00000000039cf000 	/usr/lib/libcups.2.dylib
0x00000000039cf000 	/System/Library/Frameworks/Kerberos.framework/Versions/A/Kerberos
0x00000000039cf000 	/System/Library/Frameworks/GSS.framework/Versions/A/GSS
0x00000000039cf000 	/usr/lib/libresolv.9.dylib
0x00000000039cf000 	/usr/lib/libiconv.2.dylib
0x00000000039cf000 	/System/Library/PrivateFrameworks/Heimdal.framework/Versions/A/Heimdal
0x00000000039cf000 	/usr/lib/libheimdal-asn1.dylib
0x00000000039cf000 	/System/Library/Frameworks/OpenDirectory.framework/Versions/A/OpenDirectory
0x00000000039cf000 	/System/Library/PrivateFrameworks/CommonAuth.framework/Versions/A/CommonAuth
0x00000000039cf000 	/System/Library/Frameworks/OpenDirectory.framework/Versions/A/Frameworks/CFOpenDirectory.framework/Versions/A/CFOpenDirectory
0x00000000039cf000 	/System/Library/Frameworks/SecurityFoundation.framework/Versions/A/SecurityFoundation
0x00000000039cf000 	/System/Library/PrivateFrameworks/LanguageModeling.framework/Versions/A/LanguageModeling
0x00000000039cf000 	/usr/lib/libcmph.dylib
0x00000000039cf000 	/System/Library/Frameworks/ServiceManagement.framework/Versions/A/ServiceManagement
0x00000000039cf000 	/usr/lib/libxslt.1.dylib
0x00000000039cf000 	/System/Library/Frameworks/Carbon.framework/Versions/A/Frameworks/Ink.framework/Versions/A/Ink
0x00000000039cf000 	/System/Library/Frameworks/QuartzCore.framework/Versions/A/Frameworks/CoreImage.framework/Versions/A/CoreImage
0x00000000039cf000 	/System/Library/PrivateFrameworks/CrashReporterSupport.framework/Versions/A/CrashReporterSupport
0x00000000039cf000 	/System/Library/Frameworks/OpenCL.framework/Versions/A/OpenCL
0x00000000039cf000 	/System/Library/PrivateFrameworks/FaceCore.framework/Versions/A/FaceCore
0x00000000039cf000 	/System/Library/PrivateFrameworks/Ubiquity.framework/Versions/A/Ubiquity
0x00000000039cf000 	/System/Library/PrivateFrameworks/IconServices.framework/Versions/A/IconServices
0x00000000039cf000 	/System/Library/PrivateFrameworks/ChunkingLibrary.framework/Versions/A/ChunkingLibrary
0x00000000039cf000 	/System/Library/PrivateFrameworks/Apple80211.framework/Versions/A/Apple80211
0x00000000039cf000 	/System/Library/Frameworks/CoreWLAN.framework/Versions/A/CoreWLAN
0x00000000039cf000 	/System/Library/Frameworks/IOBluetooth.framework/Versions/A/IOBluetooth
0x00000000039cf000 	/System/Library/PrivateFrameworks/CoreWiFi.framework/Versions/A/CoreWiFi
0x00000000039cf000 	/System/Library/Frameworks/CoreBluetooth.framework/Versions/A/CoreBluetooth
0x00000000039cf000 	/System/Library/PrivateFrameworks/DebugSymbols.framework/Versions/A/DebugSymbols
0x00000000039cf000 	/System/Library/PrivateFrameworks/CoreSymbolication.framework/Versions/A/CoreSymbolication
0x00000000039cf000 	/System/Library/PrivateFrameworks/Symbolication.framework/Versions/A/Symbolication
0x00000000039cf000 	/System/Library/PrivateFrameworks/SpeechRecognitionCore.framework/Versions/A/SpeechRecognitionCore
0x0000000105671000 	/Library/Java/JavaVirtualMachines/jdk1.7.0_45.jdk/Contents/Home/jre/lib/server/libjvm.dylib
0x00000000039cf000 	/usr/lib/libstdc++.6.dylib
0x00000001061de000 	/Library/Java/JavaVirtualMachines/jdk1.7.0_45.jdk/Contents/Home/jre/lib/libverify.dylib
0x0000000106a00000 	/Library/Java/JavaVirtualMachines/jdk1.7.0_45.jdk/Contents/Home/jre/lib/libjava.dylib
0x00000001061f5000 	/Library/Java/JavaVirtualMachines/jdk1.7.0_45.jdk/Contents/Home/jre/lib/libzip.dylib
0x000000010e3aa000 	/System/Library/Frameworks/JavaVM.framework/Frameworks/JavaRuntimeSupport.framework/JavaRuntimeSupport
0x000000010e3c2000 	/System/Library/Frameworks/JavaVM.framework/Versions/A/Frameworks/JavaNativeFoundation.framework/Versions/A/JavaNativeFoundation
0x000000010e3d7000 	/System/Library/Frameworks/JavaVM.framework/Versions/A/JavaVM
0x00000000039cf000 	/System/Library/Frameworks/Carbon.framework/Versions/A/Carbon
0x000000010e3e4000 	/System/Library/PrivateFrameworks/JavaLaunching.framework/Versions/A/JavaLaunching
0x00000000039cf000 	/System/Library/Frameworks/Carbon.framework/Versions/A/Frameworks/CommonPanels.framework/Versions/A/CommonPanels
0x00000000039cf000 	/System/Library/Frameworks/Carbon.framework/Versions/A/Frameworks/Help.framework/Versions/A/Help
0x00000000039cf000 	/System/Library/Frameworks/Carbon.framework/Versions/A/Frameworks/ImageCapture.framework/Versions/A/ImageCapture
0x00000000039cf000 	/System/Library/Frameworks/Carbon.framework/Versions/A/Frameworks/OpenScripting.framework/Versions/A/OpenScripting
0x00000000039cf000 	/System/Library/Frameworks/Carbon.framework/Versions/A/Frameworks/Print.framework/Versions/A/Print
0x00000000039cf000 	/System/Library/Frameworks/Carbon.framework/Versions/A/Frameworks/SecurityHI.framework/Versions/A/SecurityHI
0x0000000110463000 	/Library/Java/JavaVirtualMachines/jdk1.7.0_45.jdk/Contents/Home/jre/lib/libnio.dylib
0x0000000110472000 	/Library/Java/JavaVirtualMachines/jdk1.7.0_45.jdk/Contents/Home/jre/lib/./libnet.dylib
0x000000011098d000 	/private/var/folders/4b/cj5y0gyd3nbgf0_7zk44376h0000gn/T/native-platform5283469585544515160dir/libnative-platform.dylib

VM Arguments:
jvm_args: -XX:MaxPermSize=256m -XX:+HeapDumpOnOutOfMemoryError -Xmx1024m -Dfile.encoding=UTF-8 -Duser.country=US -Duser.language=en -Duser.variant 
java_command: org.gradle.launcher.daemon.bootstrap.GradleDaemon 2.2.1 /Users/ianmolesworth/.gradle/daemon 10800000 903a547f-263c-4ca8-b7c1-25e6b58dc4e0 -XX:MaxPermSize=256m -XX:+HeapDumpOnOutOfMemoryError -Xmx1024m -Dfile.encoding=UTF-8 -Duser.country=US -Duser.language=en -Duser.variant
Launcher Type: SUN_STANDARD

Environment Variables:
PATH=/usr/bin:/bin:/usr/sbin:/sbin
SHELL=/bin/bash

Signal Handlers:
SIGSEGV: [libjvm.dylib+0x525415], sa_mask[0]=0xfffefeff, sa_flags=0x00000043
SIGBUS: [libjvm.dylib+0x525415], sa_mask[0]=0xfffefeff, sa_flags=0x00000042
SIGFPE: [libjvm.dylib+0x41891a], sa_mask[0]=0xfffefeff, sa_flags=0x00000042
SIGPIPE: [libjvm.dylib+0x41891a], sa_mask[0]=0xfffefeff, sa_flags=0x00000042
SIGXFSZ: [libjvm.dylib+0x41891a], sa_mask[0]=0xfffefeff, sa_flags=0x00000042
SIGILL: [libjvm.dylib+0x41891a], sa_mask[0]=0xfffefeff, sa_flags=0x00000042
SIGUSR1: SIG_DFL, sa_mask[0]=0x00000000, sa_flags=0x00000000
SIGUSR2: [libjvm.dylib+0x41840c], sa_mask[0]=0x00000004, sa_flags=0x00000042
SIGHUP: [libjvm.dylib+0x41669b], sa_mask[0]=0xfffefeff, sa_flags=0x00000042
SIGINT: [libjvm.dylib+0x41669b], sa_mask[0]=0xfffefeff, sa_flags=0x00000042
SIGTERM: [libjvm.dylib+0x41669b], sa_mask[0]=0xfffefeff, sa_flags=0x00000042
SIGQUIT: [libjvm.dylib+0x41669b], sa_mask[0]=0xfffefeff, sa_flags=0x00000042


---------------  S Y S T E M  ---------------

OS:Bsduname:Darwin 14.3.0 Darwin Kernel Version 14.3.0: Mon Mar 23 11:59:05 PDT 2015; root:xnu-2782.20.48~5/RELEASE_X86_64 x86_64
rlimit: STACK 8192k, CORE 0k, NPROC 709, NOFILE 10240, AS infinity
load average:1.52 1.60 1.56

CPU:total 4 (2 cores per cpu, 2 threads per core) family 6 model 42 stepping 7, cmov, cx8, fxsr, mmx, sse, sse2, sse3, ssse3, sse4.1, sse4.2, popcnt, avx, aes, ht, tsc, tscinvbit

Memory: 4k page, physical 8388608k(2097152k free)

/proc/meminfo:


vm_info: Java HotSpot(TM) 64-Bit Server VM (24.45-b08) for bsd-amd64 JRE (1.7.0_45-b18), built on Oct  8 2013 05:54:16 by "java_re" with gcc 4.2.1 (Based on Apple Inc. build 5658) (LLVM build 2336.11.00)

time: Tue Apr 28 07:46:20 2015
elapsed time: 38372 seconds

