#
# A fatal error has been detected by the Java Runtime Environment:
#
#  SIGSEGV (0xb) at pc=0x0000000106fc5208, pid=9000, tid=8963
#
# JRE version: Java(TM) SE Runtime Environment (7.0_45-b18) (build 1.7.0_45-b18)
# Java VM: Java HotSpot(TM) 64-Bit Server VM (24.45-b08 mixed mode bsd-amd64 compressed oops)
# Problematic frame:
# V  [libjvm.dylib+0x1c5208]  void PSParallelCompact::mark_and_push<unsigned int>(ParCompactionManager*, unsigned int*)+0x58
#
# Failed to write core dump. Core dumps have been disabled. To enable core dumping, try "ulimit -c unlimited" before starting Java again
#
# If you would like to submit a bug report, please visit:
#   http://bugreport.sun.com/bugreport/crash.jsp
#

---------------  T H R E A D  ---------------

Current thread (0x00007fde8b80e000):  GCTaskThread [stack: 0x000000010ae6e000,0x000000010af6e000] [id=8963]

siginfo:si_signo=SIGSEGV: si_errno=0, si_code=0 (SEGV0), si_addr=0x0000000000000000

Registers:
RAX=0x000000010b176000, RBX=0x00007fde89e015b0, RCX=0x03fffffff84faa18, RDX=0x1fffffffc27d50c6
RSP=0x000000010af6dc40, RBP=0x000000010af6dc60, RSI=0x00000007c45a70ec, RDI=0x00007fde89e015b0
R8 =0x000000000000028b, R9 =0x0000000000001a60, R10=0x0000000000000000, R11=0x0000001000000000
R12=0x000000000000006d, R13=0x00000007c45a70ec, R14=0x00000005c3ea8630, R15=0x00007fde89e015b0
RIP=0x0000000106fc5208, EFLAGS=0x0000000000010206, ERR=0x0000000000000000
  TRAPNO=0x000000000000000d

Top of Stack: (sp=0x000000010af6dc40)
0x000000010af6dc40:   000000010af6dca0 00000007c45a6f28
0x000000010af6dc50:   00000000000000f3 00007fde89e015b0
0x000000010af6dc60:   000000010af6dcd0 000000010720b12e
0x000000010af6dc70:   00000000000000f3 00000007b0e28bc0
0x000000010af6dc80:   000000010af6dcd0 00000007c45a6f28
0x000000010af6dc90:   00007fde89e015b0 00000007b0e15428
0x000000010af6dca0:   000000010af6dcd0 00007fde89e015b0
0x000000010af6dcb0:   00000007c45a6f28 00000001075705c0
0x000000010af6dcc0:   00007fde89e015b8 00000001075705c0
0x000000010af6dcd0:   000000010af6dd50 000000010724a4f6
0x000000010af6dce0:   00007fde89e015f0 00007fde89e01638
0x000000010af6dcf0:   00007fde89e01670 00000007c107d778
0x000000010af6dd00:   0000000100000400 000000010af6dd6c
0x000000010af6dd10:   000000010af6dd50 000000010723e9f7
0x000000010af6dd20:   000027ca00000d49 0000000000000001
0x000000010af6dd30:   000000010af6dd80 00000001075705c0
0x000000010af6dd40:   00007fde89e015b0 000000010af6dd6c
0x000000010af6dd50:   000000010af6ddb0 000000010723e1f6
0x000000010af6dd60:   00007fde8b496f00 49d78172070698ab
0x000000010af6dd70:   00000007c107d778 0000000000000200
0x000000010af6dd80:   0000000000000000 00007fde8b80e000
0x000000010af6dd90:   0000000000000000 00000001073730f2
0x000000010af6dda0:   00007fde8b496f00 0000000000000001
0x000000010af6ddb0:   000000010af6de90 0000000107069da7
0x000000010af6ddc0:   000000010af6ddf0 00007fde89f0a310
0x000000010af6ddd0:   00007fde89f0a340 00007fde89f0a350
0x000000010af6dde0:   00007fde89f0a728 00000000000003d8
0x000000010af6ddf0:   00007fde8b80e000 00007fde89f0a730
0x000000010af6de00:   00007fde89f0a760 00007fde89f0a770
0x000000010af6de10:   00007fde89f0ab48 00000000000003d8
0x000000010af6de20:   000000010af6de30 0000000000000000
0x000000010af6de30:   00007fde8b80e000 00007fde89f0a730 

Instructions: (pc=0x0000000106fc5208)
0x0000000106fc51e8:   10 48 c1 ea 03 48 8d 0d d4 50 59 00 8a 09 48 d3
0x0000000106fc51f8:   ea 48 89 d1 48 83 e1 c0 48 c1 e9 03 48 8b 40 30
0x0000000106fc5208:   48 8b 04 08 48 0f a3 d0 72 5d 4c 89 f7 e8 ca 02
0x0000000106fc5218:   07 00 4c 63 f8 48 8d 3d 5c 66 64 00 4c 89 f6 4c 

Register to memory mapping:

RAX=0x000000010b176000 is an unknown value
RBX=0x00007fde89e015b0 is an unknown value
RCX=0x03fffffff84faa18 is an unknown value
RDX=0x1fffffffc27d50c6 is an unknown value
RSP=0x000000010af6dc40 is an unknown value
RBP=0x000000010af6dc60 is an unknown value
RSI=0x00000007c45a70ec is pointing into object: 0x00000007c45a6f28
[Ljava.beans.MethodDescriptor; 
 - klass: 'java/beans/MethodDescriptor'[]
 - length: 243
RDI=0x00007fde89e015b0 is an unknown value
R8 =0x000000000000028b is an unknown value
R9 =0x0000000000001a60 is an unknown value
R10=0x0000000000000000 is an unknown value
R11=0x0000001000000000 is an unknown value
R12=0x000000000000006d is an unknown value
R13=0x00000007c45a70ec is pointing into object: 0x00000007c45a6f28
[Ljava.beans.MethodDescriptor; 
 - klass: 'java/beans/MethodDescriptor'[]
 - length: 243
R14=0x00000005c3ea8630 is an unknown value
R15=0x00007fde89e015b0 is an unknown value


Stack: [0x000000010ae6e000,0x000000010af6e000],  sp=0x000000010af6dc40,  free space=1023k
Native frames: (J=compiled Java code, j=interpreted, Vv=VM code, C=native code)
V  [libjvm.dylib+0x1c5208]  void PSParallelCompact::mark_and_push<unsigned int>(ParCompactionManager*, unsigned int*)+0x58
V  [libjvm.dylib+0x40b12e]  void objArrayKlass::objarray_follow_contents<unsigned int>(ParCompactionManager*, oopDesc*, int)+0x66
V  [libjvm.dylib+0x44a4f6]  ParCompactionManager::follow_marking_stacks()+0xba
V  [libjvm.dylib+0x43e1f6]  StealMarkingTask::do_it(GCTaskManager*, unsigned int)+0x60
V  [libjvm.dylib+0x269da7]  GCTaskThread::run()+0x1a1
V  [libjvm.dylib+0x41b1c6]  java_start(Thread*)+0x126
C  [libsystem_pthread.dylib+0x3268]  _pthread_body+0x83
C  [libsystem_pthread.dylib+0x31e5]  _pthread_body+0x0
C  [libsystem_pthread.dylib+0x141d]  thread_start+0xd


---------------  P R O C E S S  ---------------

Java Threads: ( => current thread )
  0x00007fde8bf73800 JavaThread "Stdin handler" [_thread_blocked, id=19843, stack(0x0000000111b98000,0x0000000111c98000)]
  0x00007fde8be87800 JavaThread "Cancel handler" [_thread_blocked, id=21367, stack(0x0000000111992000,0x0000000111a92000)]
  0x00007fde8a741800 JavaThread "Handler for socket connection from /127.0.0.1:59566 to /127.0.0.1:60314" [_thread_in_native, id=20331, stack(0x000000011188f000,0x000000011198f000)]
  0x00007fde8a66e800 JavaThread "process reaper" daemon [_thread_blocked, id=21843, stack(0x000000011141b000,0x0000000111443000)]
  0x00007fde8a714800 JavaThread "Daemon worker Thread 24" [_thread_blocked, id=20843, stack(0x0000000111a95000,0x0000000111b95000)]
  0x00007fde8cd8c000 JavaThread "Daemon Thread 24" [_thread_blocked, id=19295, stack(0x0000000111449000,0x0000000111549000)]
  0x00007fde8a48c800 JavaThread "File lock request listener" [_thread_in_native, id=22275, stack(0x00000001122e1000,0x00000001123e1000)]
  0x00007fde8b90f000 JavaThread "Incoming local TCP Connector on port 59566" [_thread_in_native, id=18691, stack(0x000000011178c000,0x000000011188c000)]
  0x00007fde8b832800 JavaThread "Service Thread" daemon [_thread_blocked, id=17667, stack(0x0000000110da3000,0x0000000110ea3000)]
  0x00007fde8b832000 JavaThread "C2 CompilerThread1" daemon [_thread_blocked, id=17155, stack(0x0000000110ca0000,0x0000000110da0000)]
  0x00007fde8a803000 JavaThread "C2 CompilerThread0" daemon [_thread_blocked, id=16643, stack(0x0000000110b9d000,0x0000000110c9d000)]
  0x00007fde8a04c000 JavaThread "Signal Dispatcher" daemon [_thread_blocked, id=13335, stack(0x0000000110a9a000,0x0000000110b9a000)]
  0x00007fde8a03f800 JavaThread "Finalizer" daemon [_thread_blocked, id=11523, stack(0x000000010f08a000,0x000000010f18a000)]
  0x00007fde8a03d000 JavaThread "Reference Handler" daemon [_thread_blocked, id=11011, stack(0x000000010ef87000,0x000000010f087000)]
  0x00007fde8b800000 JavaThread "main" [_thread_blocked, id=4867, stack(0x0000000106457000,0x0000000106557000)]

Other Threads:
  0x00007fde8b004000 VMThread [stack: 0x000000010ee84000,0x000000010ef84000] [id=10499]
  0x00007fde8b82d800 WatcherThread [stack: 0x0000000110ea6000,0x0000000110fa6000] [id=18179]

=>0x00007fde8b80e000 (exited) GCTaskThread [stack: 0x000000010ae6e000,0x000000010af6e000] [id=8963]

VM state:at safepoint (normal execution)

VM Mutex/Monitor currently owned by a thread:  ([mutex/lock_event])
[0x00007fde89c20fc0] Threads_lock - owner thread: 0x00007fde8b004000
[0x00007fde89c214c0] Heap_lock - owner thread: 0x00007fde8a714800

Heap
 PSYoungGen      total 236032K, used 191482K [0x00000007eaa80000, 0x00000007fc500000, 0x0000000800000000)
  eden space 188928K, 100% used [0x00000007eaa80000,0x00000007f6300000,0x00000007f6300000)
  from space 47104K, 5% used [0x00000007f9300000,0x00000007f957e858,0x00000007fc100000)
  to   space 49152K, 0% used [0x00000007f6300000,0x00000007f6300000,0x00000007f9300000)
 ParOldGen       total 131072K, used 131065K [0x00000007c0000000, 0x00000007c8000000, 0x00000007eaa80000)
  object space 131072K, 99% used [0x00000007c0000000,0x00000007c7ffe638,0x00000007c8000000)
 PSPermGen       total 219648K, used 197561K [0x00000007b0000000, 0x00000007bd680000, 0x00000007c0000000)
  object space 219648K, 89% used [0x00000007b0000000,0x00000007bc0ee490,0x00000007bd680000)

Card table byte_map: [0x000000010a913000,0x000000010ab94000] byte_map_base: 0x0000000106b93000

Polling page: 0x0000000106596000

Code Cache  [0x0000000107853000, 0x00000001083e3000, 0x000000010a853000)
 total_blobs=3439 nmethods=2818 adapters=573 free_code_cache=37498Kb largest_free_block=38266048

Compilation events (10 events):
Event: 9639.502 Thread 0x00007fde8b832000 3076             sun.security.provider.DigestBase::engineReset (25 bytes)
Event: 9639.503 Thread 0x00007fde8b832000 nmethod 3076 0x00000001083ab6d0 code [0x00000001083ab820, 0x00000001083ab918]
Event: 9639.505 Thread 0x00007fde8b832000 3077             com.android.builder.signing.SignedJarBuilder$CountOutputStream::write (16 bytes)
Event: 9639.508 Thread 0x00007fde8b832000 nmethod 3077 0x00000001083c2890 code [0x00000001083c2a00, 0x00000001083c2e28]
Event: 9679.713 Thread 0x00007fde8a803000 3078             com.sun.proxy.$Proxy17::<init> (6 bytes)
Event: 9679.714 Thread 0x00007fde8a803000 nmethod 3078 0x00000001083c3190 code [0x00000001083c32c0, 0x00000001083c3378]
Event: 9679.821 Thread 0x00007fde8b832000 3079             org.codehaus.groovy.ast.CodeVisitorSupport::visitBlockStatement (38 bytes)
Event: 9679.824 Thread 0x00007fde8b832000 nmethod 3079 0x00000001083aaf10 code [0x00000001083ab080, 0x00000001083ab2b8]
Event: 9680.030 Thread 0x00007fde8a803000 3080             com.sun.org.apache.xerces.internal.impl.XMLEntityManager::getEntityStore (5 bytes)
Event: 9680.030 Thread 0x00007fde8a803000 nmethod 3080 0x00000001083c2690 code [0x00000001083c27c0, 0x00000001083c2838]

GC Heap History (10 events):
Event: 9222.585 GC heap after
Heap after GC invocations=68 (full 19):
 PSYoungGen      total 211456K, used 18157K [0x00000007eaa80000, 0x00000007fc600000, 0x0000000800000000)
  eden space 164864K, 0% used [0x00000007eaa80000,0x00000007eaa80000,0x00000007f4b80000)
  from space 46592K, 38% used [0x00000007f4b80000,0x00000007f5d3b5c8,0x00000007f7900000)
  to   space 45056K, 0% used [0x00000007f9a00000,0x00000007f9a00000,0x00000007fc600000)
 ParOldGen       total 131072K, used 101037K [0x00000007c0000000, 0x00000007c8000000, 0x00000007eaa80000)
  object space 131072K, 77% used [0x00000007c0000000,0x00000007c62ab7a8,0x00000007c8000000)
 PSPermGen       total 201728K, used 179204K [0x00000007b0000000, 0x00000007bc500000, 0x00000007c0000000)
  object space 201728K, 88% used [0x00000007b0000000,0x00000007baf01030,0x00000007bc500000)
}
Event: 9630.031 GC heap before
{Heap before GC invocations=69 (full 19):
 PSYoungGen      total 211456K, used 183021K [0x00000007eaa80000, 0x00000007fc600000, 0x0000000800000000)
  eden space 164864K, 100% used [0x00000007eaa80000,0x00000007f4b80000,0x00000007f4b80000)
  from space 46592K, 38% used [0x00000007f4b80000,0x00000007f5d3b5c8,0x00000007f7900000)
  to   space 45056K, 0% used [0x00000007f9a00000,0x00000007f9a00000,0x00000007fc600000)
 ParOldGen       total 131072K, used 101037K [0x00000007c0000000, 0x00000007c8000000, 0x00000007eaa80000)
  object space 131072K, 77% used [0x00000007c0000000,0x00000007c62ab7a8,0x00000007c8000000)
 PSPermGen       total 201728K, used 181231K [0x00000007b0000000, 0x00000007bc500000, 0x00000007c0000000)
  object space 201728K, 89% used [0x00000007b0000000,0x00000007bb0fbe78,0x00000007bc500000)
Event: 9630.071 GC heap after
Heap after GC invocations=69 (full 19):
 PSYoungGen      total 178688K, used 19793K [0x00000007eaa80000, 0x00000007fad80000, 0x0000000800000000)
  eden space 158720K, 0% used [0x00000007eaa80000,0x00000007eaa80000,0x00000007f4580000)
  from space 19968K, 99% used [0x00000007f9a00000,0x00000007fad54658,0x00000007fad80000)
  to   space 43520K, 0% used [0x00000007f5880000,0x00000007f5880000,0x00000007f8300000)
 ParOldGen       total 131072K, used 101037K [0x00000007c0000000, 0x00000007c8000000, 0x00000007eaa80000)
  object space 131072K, 77% used [0x00000007c0000000,0x00000007c62ab7a8,0x00000007c8000000)
 PSPermGen       total 201728K, used 181231K [0x00000007b0000000, 0x00000007bc500000, 0x00000007c0000000)
  object space 201728K, 89% used [0x00000007b0000000,0x00000007bb0fbe78,0x00000007bc500000)
}
Event: 9631.453 GC heap before
{Heap before GC invocations=70 (full 19):
 PSYoungGen      total 178688K, used 178513K [0x00000007eaa80000, 0x00000007fad80000, 0x0000000800000000)
  eden space 158720K, 100% used [0x00000007eaa80000,0x00000007f4580000,0x00000007f4580000)
  from space 19968K, 99% used [0x00000007f9a00000,0x00000007fad54658,0x00000007fad80000)
  to   space 43520K, 0% used [0x00000007f5880000,0x00000007f5880000,0x00000007f8300000)
 ParOldGen       total 131072K, used 101037K [0x00000007c0000000, 0x00000007c8000000, 0x00000007eaa80000)
  object space 131072K, 77% used [0x00000007c0000000,0x00000007c62ab7a8,0x00000007c8000000)
 PSPermGen       total 201728K, used 188702K [0x00000007b0000000, 0x00000007bc500000, 0x00000007c0000000)
  object space 201728K, 93% used [0x00000007b0000000,0x00000007bb847a80,0x00000007bc500000)
Event: 9631.496 GC heap after
Heap after GC invocations=70 (full 19):
 PSYoungGen      total 221696K, used 38261K [0x00000007eaa80000, 0x00000007fc100000, 0x0000000800000000)
  eden space 178176K, 0% used [0x00000007eaa80000,0x00000007eaa80000,0x00000007f5880000)
  from space 43520K, 87% used [0x00000007f5880000,0x00000007f7ddd400,0x00000007f8300000)
  to   space 47104K, 0% used [0x00000007f9300000,0x00000007f9300000,0x00000007fc100000)
 ParOldGen       total 131072K, used 101037K [0x00000007c0000000, 0x00000007c8000000, 0x00000007eaa80000)
  object space 131072K, 77% used [0x00000007c0000000,0x00000007c62ab7a8,0x00000007c8000000)
 PSPermGen       total 201728K, used 188702K [0x00000007b0000000, 0x00000007bc500000, 0x00000007c0000000)
  object space 201728K, 93% used [0x00000007b0000000,0x00000007bb847a80,0x00000007bc500000)
}
Event: 9639.747 GC heap before
{Heap before GC invocations=71 (full 19):
 PSYoungGen      total 221696K, used 140780K [0x00000007eaa80000, 0x00000007fc100000, 0x0000000800000000)
  eden space 178176K, 57% used [0x00000007eaa80000,0x00000007f0e9df10,0x00000007f5880000)
  from space 43520K, 87% used [0x00000007f5880000,0x00000007f7ddd400,0x00000007f8300000)
  to   space 47104K, 0% used [0x00000007f9300000,0x00000007f9300000,0x00000007fc100000)
 ParOldGen       total 131072K, used 101037K [0x00000007c0000000, 0x00000007c8000000, 0x00000007eaa80000)
  object space 131072K, 77% used [0x00000007c0000000,0x00000007c62ab7a8,0x00000007c8000000)
 PSPermGen       total 201728K, used 190289K [0x00000007b0000000, 0x00000007bc500000, 0x00000007c0000000)
  object space 201728K, 94% used [0x00000007b0000000,0x00000007bb9d4660,0x00000007bc500000)
Event: 9639.800 GC heap after
Heap after GC invocations=71 (full 19):
 PSYoungGen      total 236032K, used 34991K [0x00000007eaa80000, 0x00000007fc500000, 0x0000000800000000)
  eden space 188928K, 0% used [0x00000007eaa80000,0x00000007eaa80000,0x00000007f6300000)
  from space 47104K, 74% used [0x00000007f9300000,0x00000007fb52bca0,0x00000007fc100000)
  to   space 49152K, 0% used [0x00000007f6300000,0x00000007f6300000,0x00000007f9300000)
 ParOldGen       total 131072K, used 101037K [0x00000007c0000000, 0x00000007c8000000, 0x00000007eaa80000)
  object space 131072K, 77% used [0x00000007c0000000,0x00000007c62ab7a8,0x00000007c8000000)
 PSPermGen       total 201728K, used 190289K [0x00000007b0000000, 0x00000007bc500000, 0x00000007c0000000)
  object space 201728K, 94% used [0x00000007b0000000,0x00000007bb9d4660,0x00000007bc500000)
}
Event: 9639.800 GC heap before
{Heap before GC invocations=72 (full 20):
 PSYoungGen      total 236032K, used 34991K [0x00000007eaa80000, 0x00000007fc500000, 0x0000000800000000)
  eden space 188928K, 0% used [0x00000007eaa80000,0x00000007eaa80000,0x00000007f6300000)
  from space 47104K, 74% used [0x00000007f9300000,0x00000007fb52bca0,0x00000007fc100000)
  to   space 49152K, 0% used [0x00000007f6300000,0x00000007f6300000,0x00000007f9300000)
 ParOldGen       total 131072K, used 101037K [0x00000007c0000000, 0x00000007c8000000, 0x00000007eaa80000)
  object space 131072K, 77% used [0x00000007c0000000,0x00000007c62ab7a8,0x00000007c8000000)
 PSPermGen       total 201728K, used 190289K [0x00000007b0000000, 0x00000007bc500000, 0x00000007c0000000)
  object space 201728K, 94% used [0x00000007b0000000,0x00000007bb9d4660,0x00000007bc500000)
Event: 9641.227 GC heap after
Heap after GC invocations=72 (full 20):
 PSYoungGen      total 236032K, used 2554K [0x00000007eaa80000, 0x00000007fc500000, 0x0000000800000000)
  eden space 188928K, 0% used [0x00000007eaa80000,0x00000007eaa80000,0x00000007f6300000)
  from space 47104K, 5% used [0x00000007f9300000,0x00000007f957e858,0x00000007fc100000)
  to   space 49152K, 0% used [0x00000007f6300000,0x00000007f6300000,0x00000007f9300000)
 ParOldGen       total 131072K, used 131065K [0x00000007c0000000, 0x00000007c8000000, 0x00000007eaa80000)
  object space 131072K, 99% used [0x00000007c0000000,0x00000007c7ffe638,0x00000007c8000000)
 PSPermGen       total 219648K, used 190209K [0x00000007b0000000, 0x00000007bd680000, 0x00000007c0000000)
  object space 219648K, 86% used [0x00000007b0000000,0x00000007bb9c0510,0x00000007bd680000)
}
Event: 9681.067 GC heap before
{Heap before GC invocations=73 (full 21):
 PSYoungGen      total 236032K, used 191482K [0x00000007eaa80000, 0x00000007fc500000, 0x0000000800000000)
  eden space 188928K, 100% used [0x00000007eaa80000,0x00000007f6300000,0x00000007f6300000)
  from space 47104K, 5% used [0x00000007f9300000,0x00000007f957e858,0x00000007fc100000)
  to   space 49152K, 0% used [0x00000007f6300000,0x00000007f6300000,0x00000007f9300000)
 ParOldGen       total 131072K, used 131065K [0x00000007c0000000, 0x00000007c8000000, 0x00000007eaa80000)
  object space 131072K, 99% used [0x00000007c0000000,0x00000007c7ffe638,0x00000007c8000000)
 PSPermGen       total 219648K, used 197561K [0x00000007b0000000, 0x00000007bd680000, 0x00000007c0000000)
  object space 219648K, 89% used [0x00000007b0000000,0x00000007bc0ee490,0x00000007bd680000)

Deoptimization events (10 events):
Event: 7345.941 Thread 0x00007fde8c990000 Uncommon trap: reason=class_check action=maybe_recompile pc=0x0000000107f00b68 method=java.util.TimSort.mergeLo(IIII)V @ 77
Event: 7345.941 Thread 0x00007fde8c990000 Uncommon trap: reason=class_check action=maybe_recompile pc=0x00000001080e7ec4 method=java.util.TimSort.gallopRight(Ljava/lang/Object;[Ljava/lang/Object;IIILjava/util/Comparator;)I @ 44
Event: 7346.722 Thread 0x00007fde8aa87000 Uncommon trap: reason=null_check action=make_not_entrant pc=0x00000001081ffea4 method=sun.reflect.Reflection.filterFields(Ljava/lang/Class;[Ljava/lang/reflect/Field;)[Ljava/lang/reflect/Field; @ 18
Event: 8938.298 Thread 0x00007fde8e168000 Uncommon trap: reason=class_check action=maybe_recompile pc=0x0000000107adeebc method=org.codehaus.groovy.runtime.MetaClassHelper.getClassWithNullAndWrapper(Ljava/lang/Object;)Ljava/lang/Class; @ 7
Event: 8938.298 Thread 0x00007fde8e168000 Uncommon trap: reason=class_check action=maybe_recompile pc=0x0000000107adeebc method=org.codehaus.groovy.runtime.MetaClassHelper.getClassWithNullAndWrapper(Ljava/lang/Object;)Ljava/lang/Class; @ 7
Event: 8938.298 Thread 0x00007fde8e168000 Uncommon trap: reason=class_check action=maybe_recompile pc=0x0000000107adeebc method=org.codehaus.groovy.runtime.MetaClassHelper.getClassWithNullAndWrapper(Ljava/lang/Object;)Ljava/lang/Class; @ 7
Event: 8938.298 Thread 0x00007fde8e168000 Uncommon trap: reason=class_check action=maybe_recompile pc=0x0000000107adeebc method=org.codehaus.groovy.runtime.MetaClassHelper.getClassWithNullAndWrapper(Ljava/lang/Object;)Ljava/lang/Class; @ 7
Event: 9012.287 Thread 0x00007fde8be87800 Uncommon trap: reason=class_check action=maybe_recompile pc=0x0000000107f00b68 method=java.util.TimSort.mergeLo(IIII)V @ 77
Event: 9230.736 Thread 0x00007fde8af49000 Uncommon trap: reason=unreached action=reinterpret pc=0x00000001083a9d38 method=com.android.builder.internal.packaging.Packager$JavaAndNativeResourceFilter.checkEntry(Ljava/lang/String;)Z @ 31
Event: 9639.315 Thread 0x00007fde8a714800 Uncommon trap: reason=unreached action=reinterpret pc=0x00000001083cccf8 method=com.android.builder.internal.packaging.Packager$JavaAndNativeResourceFilter.checkEntry(Ljava/lang/String;)Z @ 31

Internal exceptions (10 events):
Event: 9681.065 Thread 0x00007fde8a714800 Threw 0x00000007f62c2ba0 at /HUDSON/workspace/7u-2-build-macosx-x86_64/jdk7u45/229/hotspot/src/share/vm/prims/jvm.cpp:1244
Event: 9681.065 Thread 0x00007fde8a714800 Threw 0x00000007f62cd158 at /HUDSON/workspace/7u-2-build-macosx-x86_64/jdk7u45/229/hotspot/src/share/vm/prims/jvm.cpp:1244
Event: 9681.065 Thread 0x00007fde8a714800 Threw 0x00000007f62d2b50 at /HUDSON/workspace/7u-2-build-macosx-x86_64/jdk7u45/229/hotspot/src/share/vm/prims/jvm.cpp:1244
Event: 9681.065 Thread 0x00007fde8a714800 Threw 0x00000007f62d3a58 at /HUDSON/workspace/7u-2-build-macosx-x86_64/jdk7u45/229/hotspot/src/share/vm/prims/jvm.cpp:1244
Event: 9681.065 Thread 0x00007fde8a714800 Threw 0x00000007f62de010 at /HUDSON/workspace/7u-2-build-macosx-x86_64/jdk7u45/229/hotspot/src/share/vm/prims/jvm.cpp:1244
Event: 9681.065 Thread 0x00007fde8a714800 Threw 0x00000007f62e39f8 at /HUDSON/workspace/7u-2-build-macosx-x86_64/jdk7u45/229/hotspot/src/share/vm/prims/jvm.cpp:1244
Event: 9681.066 Thread 0x00007fde8a714800 Threw 0x00000007f62e4900 at /HUDSON/workspace/7u-2-build-macosx-x86_64/jdk7u45/229/hotspot/src/share/vm/prims/jvm.cpp:1244
Event: 9681.066 Thread 0x00007fde8a714800 Threw 0x00000007f62eeeb8 at /HUDSON/workspace/7u-2-build-macosx-x86_64/jdk7u45/229/hotspot/src/share/vm/prims/jvm.cpp:1244
Event: 9681.066 Thread 0x00007fde8a714800 Threw 0x00000007f62f48a0 at /HUDSON/workspace/7u-2-build-macosx-x86_64/jdk7u45/229/hotspot/src/share/vm/prims/jvm.cpp:1244
Event: 9681.066 Thread 0x00007fde8a714800 Threw 0x00000007f62f57a8 at /HUDSON/workspace/7u-2-build-macosx-x86_64/jdk7u45/229/hotspot/src/share/vm/prims/jvm.cpp:1244

Events (10 events):
Event: 9681.064 loading class 0x00007fde8c351930 done
Event: 9681.065 loading class 0x00007fde89eee580
Event: 9681.065 loading class 0x00007fde89eee580 done
Event: 9681.065 loading class 0x00007fde89ee2770
Event: 9681.065 loading class 0x00007fde89ee2770 done
Event: 9681.065 loading class 0x00007fde89ee2800
Event: 9681.065 loading class 0x00007fde89ee2800 done
Event: 9681.066 loading class 0x00007fde8c2ca7f0
Event: 9681.066 loading class 0x00007fde8c2ca7f0 done
Event: 9681.066 Executing VM operation: ParallelGCFailedAllocation


Dynamic libraries:
0x00000000039cf000 	/System/Library/Frameworks/Cocoa.framework/Versions/A/Cocoa
0x00000000039cf000 	/System/Library/Frameworks/Security.framework/Versions/A/Security
0x00000000039cf000 	/System/Library/Frameworks/ApplicationServices.framework/Versions/A/ApplicationServices
0x00000000039cf000 	/usr/lib/libz.1.dylib
0x00000000039cf000 	/usr/lib/libSystem.B.dylib
0x00000000039cf000 	/usr/lib/libobjc.A.dylib
0x00000000039cf000 	/System/Library/Frameworks/CoreFoundation.framework/Versions/A/CoreFoundation
0x00000000039cf000 	/System/Library/Frameworks/Foundation.framework/Versions/C/Foundation
0x00000000039cf000 	/System/Library/Frameworks/AppKit.framework/Versions/C/AppKit
0x00000000039cf000 	/System/Library/Frameworks/CoreData.framework/Versions/A/CoreData
0x00000000039cf000 	/System/Library/PrivateFrameworks/RemoteViewServices.framework/Versions/A/RemoteViewServices
0x00000000039cf000 	/System/Library/PrivateFrameworks/UIFoundation.framework/Versions/A/UIFoundation
0x00000000039cf000 	/System/Library/Frameworks/IOSurface.framework/Versions/A/IOSurface
0x00000000039cf000 	/System/Library/Frameworks/AudioToolbox.framework/Versions/A/AudioToolbox
0x00000000039cf000 	/System/Library/Frameworks/AudioUnit.framework/Versions/A/AudioUnit
0x00000000039cf000 	/System/Library/PrivateFrameworks/DataDetectorsCore.framework/Versions/A/DataDetectorsCore
0x00000000039cf000 	/System/Library/PrivateFrameworks/DesktopServicesPriv.framework/Versions/A/DesktopServicesPriv
0x00000000039cf000 	/System/Library/Frameworks/Carbon.framework/Versions/A/Frameworks/HIToolbox.framework/Versions/A/HIToolbox
0x00000000039cf000 	/System/Library/Frameworks/QuartzCore.framework/Versions/A/QuartzCore
0x00000000039cf000 	/System/Library/Frameworks/Carbon.framework/Versions/A/Frameworks/SpeechRecognition.framework/Versions/A/SpeechRecognition
0x00000000039cf000 	/usr/lib/libauto.dylib
0x00000000039cf000 	/usr/lib/libicucore.A.dylib
0x00000000039cf000 	/usr/lib/libxml2.2.dylib
0x00000000039cf000 	/System/Library/PrivateFrameworks/CoreUI.framework/Versions/A/CoreUI
0x00000000039cf000 	/System/Library/Frameworks/CoreAudio.framework/Versions/A/CoreAudio
0x00000000039cf000 	/System/Library/Frameworks/DiskArbitration.framework/Versions/A/DiskArbitration
0x00000000039cf000 	/usr/lib/liblangid.dylib
0x00000000039cf000 	/System/Library/PrivateFrameworks/MultitouchSupport.framework/Versions/A/MultitouchSupport
0x00000000039cf000 	/System/Library/Frameworks/IOKit.framework/Versions/A/IOKit
0x00000000039cf000 	/usr/lib/libDiagnosticMessagesClient.dylib
0x00000000039cf000 	/System/Library/Frameworks/CoreServices.framework/Versions/A/CoreServices
0x00000000039cf000 	/System/Library/PrivateFrameworks/PerformanceAnalysis.framework/Versions/A/PerformanceAnalysis
0x00000000039cf000 	/System/Library/PrivateFrameworks/GenerationalStorage.framework/Versions/A/GenerationalStorage
0x00000000039cf000 	/System/Library/Frameworks/OpenGL.framework/Versions/A/OpenGL
0x00000000039cf000 	/System/Library/PrivateFrameworks/Sharing.framework/Versions/A/Sharing
0x00000000039cf000 	/System/Library/Frameworks/CoreGraphics.framework/Versions/A/CoreGraphics
0x00000000039cf000 	/System/Library/Frameworks/CoreText.framework/Versions/A/CoreText
0x00000000039cf000 	/System/Library/Frameworks/ImageIO.framework/Versions/A/ImageIO
0x00000000039cf000 	/usr/lib/libextension.dylib
0x00000000039cf000 	/System/Library/PrivateFrameworks/Backup.framework/Versions/A/Backup
0x00000000039cf000 	/usr/lib/libarchive.2.dylib
0x00000000039cf000 	/System/Library/Frameworks/CFNetwork.framework/Versions/A/CFNetwork
0x00000000039cf000 	/System/Library/Frameworks/SystemConfiguration.framework/Versions/A/SystemConfiguration
0x00000000039cf000 	/usr/lib/libCRFSuite.dylib
0x00000000039cf000 	/usr/lib/libc++.1.dylib
0x00000000039cf000 	/usr/lib/libc++abi.dylib
0x00000000039cf000 	/usr/lib/system/libcache.dylib
0x00000000039cf000 	/usr/lib/system/libcommonCrypto.dylib
0x00000000039cf000 	/usr/lib/system/libcompiler_rt.dylib
0x00000000039cf000 	/usr/lib/system/libcopyfile.dylib
0x00000000039cf000 	/usr/lib/system/libcorecrypto.dylib
0x00000000039cf000 	/usr/lib/system/libdispatch.dylib
0x00000000039cf000 	/usr/lib/system/libdyld.dylib
0x00000000039cf000 	/usr/lib/system/libkeymgr.dylib
0x00000000039cf000 	/usr/lib/system/liblaunch.dylib
0x00000000039cf000 	/usr/lib/system/libmacho.dylib
0x00000000039cf000 	/usr/lib/system/libquarantine.dylib
0x00000000039cf000 	/usr/lib/system/libremovefile.dylib
0x00000000039cf000 	/usr/lib/system/libsystem_asl.dylib
0x00000000039cf000 	/usr/lib/system/libsystem_blocks.dylib
0x00000000039cf000 	/usr/lib/system/libsystem_c.dylib
0x00000000039cf000 	/usr/lib/system/libsystem_configuration.dylib
0x00000000039cf000 	/usr/lib/system/libsystem_coreservices.dylib
0x00000000039cf000 	/usr/lib/system/libsystem_coretls.dylib
0x00000000039cf000 	/usr/lib/system/libsystem_dnssd.dylib
0x00000000039cf000 	/usr/lib/system/libsystem_info.dylib
0x00000000039cf000 	/usr/lib/system/libsystem_kernel.dylib
0x00000000039cf000 	/usr/lib/system/libsystem_m.dylib
0x00000000039cf000 	/usr/lib/system/libsystem_malloc.dylib
0x00000000039cf000 	/usr/lib/system/libsystem_network.dylib
0x00000000039cf000 	/usr/lib/system/libsystem_networkextension.dylib
0x00000000039cf000 	/usr/lib/system/libsystem_notify.dylib
0x00000000039cf000 	/usr/lib/system/libsystem_platform.dylib
0x00000000039cf000 	/usr/lib/system/libsystem_pthread.dylib
0x00000000039cf000 	/usr/lib/system/libsystem_sandbox.dylib
0x00000000039cf000 	/usr/lib/system/libsystem_secinit.dylib
0x00000000039cf000 	/usr/lib/system/libsystem_stats.dylib
0x00000000039cf000 	/usr/lib/system/libsystem_trace.dylib
0x00000000039cf000 	/usr/lib/system/libunc.dylib
0x00000000039cf000 	/usr/lib/system/libunwind.dylib
0x00000000039cf000 	/usr/lib/system/libxpc.dylib
0x00000000039cf000 	/usr/lib/libbz2.1.0.dylib
0x00000000039cf000 	/usr/lib/liblzma.5.dylib
0x00000000039cf000 	/usr/lib/libbsm.0.dylib
0x00000000039cf000 	/usr/lib/libsqlite3.dylib
0x00000000039cf000 	/usr/lib/system/libkxld.dylib
0x00000000039cf000 	/usr/lib/libxar.1.dylib
0x00000000039cf000 	/usr/lib/libpam.2.dylib
0x00000000039cf000 	/usr/lib/libOpenScriptingUtil.dylib
0x00000000039cf000 	/System/Library/Frameworks/CoreServices.framework/Versions/A/Frameworks/FSEvents.framework/Versions/A/FSEvents
0x00000000039cf000 	/System/Library/Frameworks/CoreServices.framework/Versions/A/Frameworks/CarbonCore.framework/Versions/A/CarbonCore
0x00000000039cf000 	/System/Library/Frameworks/CoreServices.framework/Versions/A/Frameworks/Metadata.framework/Versions/A/Metadata
0x00000000039cf000 	/System/Library/Frameworks/CoreServices.framework/Versions/A/Frameworks/OSServices.framework/Versions/A/OSServices
0x00000000039cf000 	/System/Library/Frameworks/CoreServices.framework/Versions/A/Frameworks/SearchKit.framework/Versions/A/SearchKit
0x00000000039cf000 	/System/Library/Frameworks/CoreServices.framework/Versions/A/Frameworks/AE.framework/Versions/A/AE
0x00000000039cf000 	/System/Library/Frameworks/CoreServices.framework/Versions/A/Frameworks/LaunchServices.framework/Versions/A/LaunchServices
0x00000000039cf000 	/System/Library/Frameworks/CoreServices.framework/Versions/A/Frameworks/DictionaryServices.framework/Versions/A/DictionaryServices
0x00000000039cf000 	/System/Library/Frameworks/NetFS.framework/Versions/A/NetFS
0x00000000039cf000 	/System/Library/PrivateFrameworks/NetAuth.framework/Versions/A/NetAuth
0x00000000039cf000 	/System/Library/PrivateFrameworks/login.framework/Versions/A/Frameworks/loginsupport.framework/Versions/A/loginsupport
0x00000000039cf000 	/System/Library/PrivateFrameworks/TCC.framework/Versions/A/TCC
0x00000000039cf000 	/usr/lib/libmecabra.dylib
0x00000000039cf000 	/System/Library/Frameworks/ApplicationServices.framework/Versions/A/Frameworks/ATS.framework/Versions/A/ATS
0x00000000039cf000 	/System/Library/Frameworks/ApplicationServices.framework/Versions/A/Frameworks/ColorSync.framework/Versions/A/ColorSync
0x00000000039cf000 	/System/Library/Frameworks/ApplicationServices.framework/Versions/A/Frameworks/HIServices.framework/Versions/A/HIServices
0x00000000039cf000 	/System/Library/Frameworks/ApplicationServices.framework/Versions/A/Frameworks/LangAnalysis.framework/Versions/A/LangAnalysis
0x00000000039cf000 	/System/Library/Frameworks/ApplicationServices.framework/Versions/A/Frameworks/PrintCore.framework/Versions/A/PrintCore
0x00000000039cf000 	/System/Library/Frameworks/ApplicationServices.framework/Versions/A/Frameworks/QD.framework/Versions/A/QD
0x00000000039cf000 	/System/Library/Frameworks/ApplicationServices.framework/Versions/A/Frameworks/SpeechSynthesis.framework/Versions/A/SpeechSynthesis
0x00000000039cf000 	/System/Library/Frameworks/Accelerate.framework/Versions/A/Accelerate
0x00000000039cf000 	/System/Library/Frameworks/Accelerate.framework/Versions/A/Frameworks/vImage.framework/Versions/A/vImage
0x00000000039cf000 	/System/Library/Frameworks/Accelerate.framework/Versions/A/Frameworks/vecLib.framework/Versions/A/vecLib
0x00000000039cf000 	/System/Library/Frameworks/Accelerate.framework/Versions/A/Frameworks/vecLib.framework/Versions/A/libvDSP.dylib
0x00000000039cf000 	/System/Library/Frameworks/Accelerate.framework/Versions/A/Frameworks/vecLib.framework/Versions/A/libvMisc.dylib
0x00000000039cf000 	/System/Library/Frameworks/Accelerate.framework/Versions/A/Frameworks/vecLib.framework/Versions/A/libLAPACK.dylib
0x00000000039cf000 	/System/Library/Frameworks/Accelerate.framework/Versions/A/Frameworks/vecLib.framework/Versions/A/libBLAS.dylib
0x00000000039cf000 	/System/Library/Frameworks/Accelerate.framework/Versions/A/Frameworks/vecLib.framework/Versions/A/libLinearAlgebra.dylib
0x00000000039cf000 	/System/Library/Frameworks/ApplicationServices.framework/Versions/A/Frameworks/ATS.framework/Versions/A/Resources/libFontParser.dylib
0x00000000039cf000 	/System/Library/Frameworks/ApplicationServices.framework/Versions/A/Frameworks/ATS.framework/Versions/A/Resources/libFontRegistry.dylib
0x00000000039cf000 	/System/Library/PrivateFrameworks/AppleVPA.framework/Versions/A/AppleVPA
0x00000000039cf000 	/System/Library/PrivateFrameworks/AppleJPEG.framework/Versions/A/AppleJPEG
0x00000000039cf000 	/System/Library/Frameworks/ImageIO.framework/Versions/A/Resources/libJPEG.dylib
0x00000000039cf000 	/System/Library/Frameworks/ImageIO.framework/Versions/A/Resources/libTIFF.dylib
0x00000000039cf000 	/System/Library/Frameworks/ImageIO.framework/Versions/A/Resources/libPng.dylib
0x00000000039cf000 	/System/Library/Frameworks/ImageIO.framework/Versions/A/Resources/libGIF.dylib
0x00000000039cf000 	/System/Library/Frameworks/ImageIO.framework/Versions/A/Resources/libJP2.dylib
0x00000000039cf000 	/System/Library/Frameworks/ImageIO.framework/Versions/A/Resources/libRadiance.dylib
0x00000000039cf000 	/System/Library/Frameworks/CoreVideo.framework/Versions/A/CoreVideo
0x00000000039cf000 	/System/Library/Frameworks/OpenGL.framework/Versions/A/Libraries/libGLU.dylib
0x00000000039cf000 	/System/Library/Frameworks/OpenGL.framework/Versions/A/Libraries/libGFXShared.dylib
0x00000000039cf000 	/System/Library/Frameworks/OpenGL.framework/Versions/A/Libraries/libGL.dylib
0x00000000039cf000 	/System/Library/Frameworks/OpenGL.framework/Versions/A/Libraries/libGLImage.dylib
0x00000000039cf000 	/System/Library/Frameworks/OpenGL.framework/Versions/A/Libraries/libCVMSPluginSupport.dylib
0x00000000039cf000 	/System/Library/Frameworks/OpenGL.framework/Versions/A/Libraries/libCoreVMClient.dylib
0x00000000039cf000 	/usr/lib/libcups.2.dylib
0x00000000039cf000 	/System/Library/Frameworks/Kerberos.framework/Versions/A/Kerberos
0x00000000039cf000 	/System/Library/Frameworks/GSS.framework/Versions/A/GSS
0x00000000039cf000 	/usr/lib/libresolv.9.dylib
0x00000000039cf000 	/usr/lib/libiconv.2.dylib
0x00000000039cf000 	/System/Library/PrivateFrameworks/Heimdal.framework/Versions/A/Heimdal
0x00000000039cf000 	/usr/lib/libheimdal-asn1.dylib
0x00000000039cf000 	/System/Library/Frameworks/OpenDirectory.framework/Versions/A/OpenDirectory
0x00000000039cf000 	/System/Library/PrivateFrameworks/CommonAuth.framework/Versions/A/CommonAuth
0x00000000039cf000 	/System/Library/Frameworks/OpenDirectory.framework/Versions/A/Frameworks/CFOpenDirectory.framework/Versions/A/CFOpenDirectory
0x00000000039cf000 	/System/Library/Frameworks/SecurityFoundation.framework/Versions/A/SecurityFoundation
0x00000000039cf000 	/System/Library/PrivateFrameworks/LanguageModeling.framework/Versions/A/LanguageModeling
0x00000000039cf000 	/usr/lib/libcmph.dylib
0x00000000039cf000 	/System/Library/Frameworks/ServiceManagement.framework/Versions/A/ServiceManagement
0x00000000039cf000 	/usr/lib/libxslt.1.dylib
0x00000000039cf000 	/System/Library/Frameworks/Carbon.framework/Versions/A/Frameworks/Ink.framework/Versions/A/Ink
0x00000000039cf000 	/System/Library/Frameworks/QuartzCore.framework/Versions/A/Frameworks/CoreImage.framework/Versions/A/CoreImage
0x00000000039cf000 	/System/Library/PrivateFrameworks/CrashReporterSupport.framework/Versions/A/CrashReporterSupport
0x00000000039cf000 	/System/Library/Frameworks/OpenCL.framework/Versions/A/OpenCL
0x00000000039cf000 	/System/Library/PrivateFrameworks/FaceCore.framework/Versions/A/FaceCore
0x00000000039cf000 	/System/Library/PrivateFrameworks/Ubiquity.framework/Versions/A/Ubiquity
0x00000000039cf000 	/System/Library/PrivateFrameworks/IconServices.framework/Versions/A/IconServices
0x00000000039cf000 	/System/Library/PrivateFrameworks/ChunkingLibrary.framework/Versions/A/ChunkingLibrary
0x00000000039cf000 	/System/Library/PrivateFrameworks/Apple80211.framework/Versions/A/Apple80211
0x00000000039cf000 	/System/Library/Frameworks/CoreWLAN.framework/Versions/A/CoreWLAN
0x00000000039cf000 	/System/Library/Frameworks/IOBluetooth.framework/Versions/A/IOBluetooth
0x00000000039cf000 	/System/Library/PrivateFrameworks/CoreWiFi.framework/Versions/A/CoreWiFi
0x00000000039cf000 	/System/Library/Frameworks/CoreBluetooth.framework/Versions/A/CoreBluetooth
0x00000000039cf000 	/System/Library/PrivateFrameworks/DebugSymbols.framework/Versions/A/DebugSymbols
0x00000000039cf000 	/System/Library/PrivateFrameworks/CoreSymbolication.framework/Versions/A/CoreSymbolication
0x00000000039cf000 	/System/Library/PrivateFrameworks/Symbolication.framework/Versions/A/Symbolication
0x00000000039cf000 	/System/Library/PrivateFrameworks/SpeechRecognitionCore.framework/Versions/A/SpeechRecognitionCore
0x0000000106e00000 	/Library/Java/JavaVirtualMachines/jdk1.7.0_45.jdk/Contents/Home/jre/lib/server/libjvm.dylib
0x00000000039cf000 	/usr/lib/libstdc++.6.dylib
0x0000000106559000 	/Library/Java/JavaVirtualMachines/jdk1.7.0_45.jdk/Contents/Home/jre/lib/libverify.dylib
0x0000000106566000 	/Library/Java/JavaVirtualMachines/jdk1.7.0_45.jdk/Contents/Home/jre/lib/libjava.dylib
0x00000001065a0000 	/Library/Java/JavaVirtualMachines/jdk1.7.0_45.jdk/Contents/Home/jre/lib/libzip.dylib
0x000000010f18c000 	/System/Library/Frameworks/JavaVM.framework/Frameworks/JavaRuntimeSupport.framework/JavaRuntimeSupport
0x00000001065eb000 	/System/Library/Frameworks/JavaVM.framework/Versions/A/Frameworks/JavaNativeFoundation.framework/Versions/A/JavaNativeFoundation
0x000000010f1a4000 	/System/Library/Frameworks/JavaVM.framework/Versions/A/JavaVM
0x00000000039cf000 	/System/Library/Frameworks/Carbon.framework/Versions/A/Carbon
0x000000010f1b1000 	/System/Library/PrivateFrameworks/JavaLaunching.framework/Versions/A/JavaLaunching
0x00000000039cf000 	/System/Library/Frameworks/Carbon.framework/Versions/A/Frameworks/CommonPanels.framework/Versions/A/CommonPanels
0x00000000039cf000 	/System/Library/Frameworks/Carbon.framework/Versions/A/Frameworks/Help.framework/Versions/A/Help
0x00000000039cf000 	/System/Library/Frameworks/Carbon.framework/Versions/A/Frameworks/ImageCapture.framework/Versions/A/ImageCapture
0x00000000039cf000 	/System/Library/Frameworks/Carbon.framework/Versions/A/Frameworks/OpenScripting.framework/Versions/A/OpenScripting
0x00000000039cf000 	/System/Library/Frameworks/Carbon.framework/Versions/A/Frameworks/Print.framework/Versions/A/Print
0x00000000039cf000 	/System/Library/Frameworks/Carbon.framework/Versions/A/Frameworks/SecurityHI.framework/Versions/A/SecurityHI
0x0000000111231000 	/Library/Java/JavaVirtualMachines/jdk1.7.0_45.jdk/Contents/Home/jre/lib/libnio.dylib
0x0000000111240000 	/Library/Java/JavaVirtualMachines/jdk1.7.0_45.jdk/Contents/Home/jre/lib/./libnet.dylib
0x0000000111786000 	/private/var/folders/4b/cj5y0gyd3nbgf0_7zk44376h0000gn/T/native-platform2305809929835232400dir/libnative-platform.dylib

VM Arguments:
jvm_args: -XX:MaxPermSize=256m -XX:+HeapDumpOnOutOfMemoryError -Xmx1024m -Dfile.encoding=UTF-8 -Duser.country=US -Duser.language=en -Duser.variant 
java_command: org.gradle.launcher.daemon.bootstrap.GradleDaemon 2.2.1 /Users/ianmolesworth/.gradle/daemon 10800000 0446fdaf-8abc-42f8-8722-52da2f32a0af -XX:MaxPermSize=256m -XX:+HeapDumpOnOutOfMemoryError -Xmx1024m -Dfile.encoding=UTF-8 -Duser.country=US -Duser.language=en -Duser.variant
Launcher Type: SUN_STANDARD

Environment Variables:
PATH=/usr/bin:/bin:/usr/sbin:/sbin
SHELL=/bin/bash

Signal Handlers:
SIGSEGV: [libjvm.dylib+0x525415], sa_mask[0]=0xfffefeff, sa_flags=0x00000043
SIGBUS: [libjvm.dylib+0x525415], sa_mask[0]=0xfffefeff, sa_flags=0x00000042
SIGFPE: [libjvm.dylib+0x41891a], sa_mask[0]=0xfffefeff, sa_flags=0x00000042
SIGPIPE: [libjvm.dylib+0x41891a], sa_mask[0]=0xfffefeff, sa_flags=0x00000042
SIGXFSZ: [libjvm.dylib+0x41891a], sa_mask[0]=0xfffefeff, sa_flags=0x00000042
SIGILL: [libjvm.dylib+0x41891a], sa_mask[0]=0xfffefeff, sa_flags=0x00000042
SIGUSR1: SIG_DFL, sa_mask[0]=0x00000000, sa_flags=0x00000000
SIGUSR2: [libjvm.dylib+0x41840c], sa_mask[0]=0x00000004, sa_flags=0x00000042
SIGHUP: [libjvm.dylib+0x41669b], sa_mask[0]=0xfffefeff, sa_flags=0x00000042
SIGINT: [libjvm.dylib+0x41669b], sa_mask[0]=0xfffefeff, sa_flags=0x00000042
SIGTERM: [libjvm.dylib+0x41669b], sa_mask[0]=0xfffefeff, sa_flags=0x00000042
SIGQUIT: [libjvm.dylib+0x41669b], sa_mask[0]=0xfffefeff, sa_flags=0x00000042


---------------  S Y S T E M  ---------------

OS:Bsduname:Darwin 14.3.0 Darwin Kernel Version 14.3.0: Mon Mar 23 11:59:05 PDT 2015; root:xnu-2782.20.48~5/RELEASE_X86_64 x86_64
rlimit: STACK 8192k, CORE 0k, NPROC 709, NOFILE 10240, AS infinity
load average:1.92 1.82 1.62

CPU:total 4 (2 cores per cpu, 2 threads per core) family 6 model 42 stepping 7, cmov, cx8, fxsr, mmx, sse, sse2, sse3, ssse3, sse4.1, sse4.2, popcnt, avx, aes, ht, tsc, tscinvbit

Memory: 4k page, physical 8388608k(2097152k free)

/proc/meminfo:


vm_info: Java HotSpot(TM) 64-Bit Server VM (24.45-b08) for bsd-amd64 JRE (1.7.0_45-b18), built on Oct  8 2013 05:54:16 by "java_re" with gcc 4.2.1 (Based on Apple Inc. build 5658) (LLVM build 2336.11.00)

time: Wed Apr 29 16:03:32 2015
elapsed time: 9681 seconds

